{"numTotalTestSuites":855,"numPassedTestSuites":810,"numFailedTestSuites":45,"numPendingTestSuites":0,"numTotalTests":2456,"numPassedTests":2381,"numFailedTests":73,"numPendingTests":2,"numTodoTests":0,"snapshot":{"added":0,"failure":false,"filesAdded":0,"filesRemoved":0,"filesRemovedList":[],"filesUnmatched":0,"filesUpdated":0,"matched":0,"total":0,"unchecked":0,"uncheckedKeysByFile":[],"unmatched":0,"updated":0,"didUpdate":false},"startTime":1786071124508,"success":false,"testResults":[{"assertionResults":[{"ancestorTitles":["L11SqueezeExpandV4"],"fullName":"L11SqueezeExpandV4 level HIGH → màu cam (#F97316)","status":"passed","title":"level HIGH → màu cam (#F97316)","duration":183.8825999999999,"failureMessages":[],"meta":{},"tags":[]},{"ancestorTitles":["L11SqueezeExpandV4"],"fullName":"L11SqueezeExpandV4 5 progress bar render đúng giá trị component","status":"passed","title":"5 progress bar render đúng giá trị component","duration":43.02599999999984,"failureMessages":[],"meta":{},"tags":[]}],"startTime":1786071317534,"endTime":1786071317761.026,"status":"passed","message":"","name":"D:/Thiennh3/APP/Trading/TradeScore/components/L11SqueezeExpandV4.test.tsx"},{"assertionResults":[{"ancestorTitles":["PendingOrderCard plan expiry"],"fullName":"PendingOrderCard plan expiry gọi onPlanExpired ngay khi expiresAt đã qua","status":"passed","title":"gọi onPlanExpired ngay khi expiresAt đã qua","duration":402.83489999999983,"failureMessages":[],"meta":{},"tags":[]},{"ancestorTitles":["PendingOrderCard plan expiry"],"fullName":"PendingOrderCard plan expiry gọi onPlanExpired đúng lúc hết countdown","status":"passed","title":"gọi onPlanExpired đúng lúc hết countdown","duration":208.62049999999908,"failureMessages":[],"meta":{},"tags":[]}],"startTime":1786071280650,"endTime":1786071281261.6206,"status":"passed","message":"","name":"D:/Thiennh3/APP/Trading/TradeScore/components/PendingOrderCard.expiry.test.tsx"},{"assertionResults":[{"ancestorTitles":["SyncStatusBadge"],"fullName":"SyncStatusBadge hiển thị \"Đang sync...\" khi syncing (APK)","status":"passed","title":"hiển thị \"Đang sync...\" khi syncing (APK)","duration":88.8099000000002,"failureMessages":[],"meta":{},"tags":[]},{"ancestorTitles":["SyncStatusBadge"],"fullName":"SyncStatusBadge hiển thị thời gian khi success","status":"passed","title":"hiển thị thời gian khi success","duration":95.01269999999931,"failureMessages":[],"meta":{},"tags":[]},{"ancestorTitles":["SyncStatusBadge"],"fullName":"SyncStatusBadge hiển thị \"Đang tải...\" khi syncing (Web)","status":"passed","title":"hiển thị \"Đang tải...\" khi syncing (Web)","duration":15.8770999999997,"failureMessages":[],"meta":{},"tags":[]},{"ancestorTitles":["SyncStatusBadge"],"fullName":"SyncStatusBadge hiển thị Offline khi offline","status":"passed","title":"hiển thị Offline khi offline","duration":16.07849999999962,"failureMessages":[],"meta":{},"tags":[]},{"ancestorTitles":["SyncStatusBadge"],"fullName":"SyncStatusBadge hiển thị Cập nhật lúc khi success (Web)","status":"passed","title":"hiển thị Cập nhật lúc khi success (Web)","duration":18.01260000000002,"failureMessages":[],"meta":{},"tags":[]},{"ancestorTitles":["SyncStatusBadge"],"fullName":"SyncStatusBadge hiển thị Lỗi kết nối khi offline (Web)","status":"passed","title":"hiển thị Lỗi kết nối khi offline (Web)","duration":12.350099999999657,"failureMessages":[],"meta":{},"tags":[]},{"ancestorTitles":["SyncStatusBadge"],"fullName":"SyncStatusBadge hiển thị Sync thất bại khi error (APK)","status":"passed","title":"hiển thị Sync thất bại khi error (APK)","duration":9.408799999999246,"failureMessages":[],"meta":{},"tags":[]},{"ancestorTitles":["SyncStatusBadge"],"fullName":"SyncStatusBadge hiển thị dot khi pendingSync = true","status":"passed","title":"hiển thị dot khi pendingSync = true","duration":13.03479999999945,"failureMessages":[],"meta":{},"tags":[]}],"startTime":1786071300896,"endTime":1786071301165.035,"status":"passed","message":"","name":"D:/Thiennh3/APP/Trading/TradeScore/components/SyncStatusBadge.test.tsx"},{"assertionResults":[{"ancestorTitles":["TradePlanV3View FOMO guard DOM"],"fullName":"TradePlanV3View FOMO guard DOM finalDecision=KHONG_VAO → ẩn TP1 và expected-value, hiện block-reason","status":"passed","title":"finalDecision=KHONG_VAO → ẩn TP1 và expected-value, hiện block-reason","duration":327.29429999999957,"failureMessages":[],"meta":{},"tags":[]},{"ancestorTitles":["TradePlanV3View FOMO guard DOM"],"fullName":"TradePlanV3View FOMO guard DOM finalDecision=HARD_BLOCK → ẩn TP1/EV tương tự KHONG_VAO","status":"passed","title":"finalDecision=HARD_BLOCK → ẩn TP1/EV tương tự KHONG_VAO","duration":66.32610000000022,"failureMessages":[],"meta":{},"tags":[]},{"ancestorTitles":["TradePlanV3View FOMO guard DOM"],"fullName":"TradePlanV3View FOMO guard DOM finalDecision=CHO_THEM → banner vàng + TP1 hiển thị","status":"passed","title":"finalDecision=CHO_THEM → banner vàng + TP1 hiển thị","duration":137.60190000000057,"failureMessages":[],"meta":{},"tags":[]},{"ancestorTitles":["TradePlanV3View FOMO guard DOM"],"fullName":"TradePlanV3View FOMO guard DOM finalDecision=VAO_TU_TIN → TP1 hiển thị, không banner vàng","status":"passed","title":"finalDecision=VAO_TU_TIN → TP1 hiển thị, không banner vàng","duration":104.69560000000001,"failureMessages":[],"meta":{},"tags":[]},{"ancestorTitles":["TradePlanV3View FOMO guard DOM"],"fullName":"TradePlanV3View FOMO guard DOM TP1 prob thấp + filter tắt → hiển thị (tham khảo)","status":"passed","title":"TP1 prob thấp + filter tắt → hiển thị (tham khảo)","duration":134.21369999999933,"failureMessages":[],"meta":{},"tags":[]},{"ancestorTitles":["TradePlanV3View FOMO guard DOM"],"fullName":"TradePlanV3View FOMO guard DOM entryBufferPct → hiển thị nhãn buffer S/R","status":"passed","title":"entryBufferPct → hiển thị nhãn buffer S/R","duration":108.76789999999892,"failureMessages":[],"meta":{},"tags":[]},{"ancestorTitles":["TradePlanV3View FOMO guard DOM"],"fullName":"TradePlanV3View FOMO guard DOM squeezeWarning != null → banner đỏ phía trên plan","status":"passed","title":"squeezeWarning != null → banner đỏ phía trên plan","duration":111.81550000000061,"failureMessages":[],"meta":{},"tags":[]}],"startTime":1786071257886,"endTime":1786071258884.8154,"status":"passed","message":"","name":"D:/Thiennh3/APP/Trading/TradeScore/components/TradePlanV3View.test.tsx"},{"assertionResults":[{"ancestorTitles":["maybeLogTpProbabilityFilterEnableHint"],"fullName":"maybeLogTpProbabilityFilterEnableHint Test 4: closedTrades=300 → log gợi ý, flag vẫn false","status":"passed","title":"Test 4: closedTrades=300 → log gợi ý, flag vẫn false","duration":15.284500000000207,"failureMessages":[],"meta":{},"tags":[]},{"ancestorTitles":["maybeLogTpProbabilityFilterEnableHint"],"fullName":"maybeLogTpProbabilityFilterEnableHint dưới 300 lệnh → không log","status":"passed","title":"dưới 300 lệnh → không log","duration":1.6487999999999374,"failureMessages":[],"meta":{},"tags":[]},{"ancestorTitles":["formatTpProbabilityFilterStatus"],"fullName":"formatTpProbabilityFilterStatus hiển thị trạng thái tắt và số lệnh đóng","status":"passed","title":"hiển thị trạng thái tắt và số lệnh đóng","duration":0.725999999999658,"failureMessages":[],"meta":{},"tags":[]},{"ancestorTitles":["USE_UL_ANALYTICS — Task 15.1"],"fullName":"USE_UL_ANALYTICS — Task 15.1 FEATURE_FLAGS defaults to false","status":"failed","title":"FEATURE_FLAGS defaults to false","duration":17.502600000000257,"failureMessages":["AssertionError: expected undefined to be false // Object.is equality\n    at D:/Thiennh3/APP/Trading/TradeScore/config/featureFlags.test.ts:53:44\n    at file:///D:/Thiennh3/APP/Trading/TradeScore/node_modules/@vitest/runner/dist/chunk-artifact.js:302:11\n    at file:///D:/Thiennh3/APP/Trading/TradeScore/node_modules/@vitest/runner/dist/chunk-artifact.js:1903:26\n    at file:///D:/Thiennh3/APP/Trading/TradeScore/node_modules/@vitest/runner/dist/chunk-artifact.js:2326:20\n    at new Promise (<anonymous>)\n    at runWithCancel (file:///D:/Thiennh3/APP/Trading/TradeScore/node_modules/@vitest/runner/dist/chunk-artifact.js:2323:10)\n    at file:///D:/Thiennh3/APP/Trading/TradeScore/node_modules/@vitest/runner/dist/chunk-artifact.js:2305:20\n    at new Promise (<anonymous>)\n    at runWithTimeout (file:///D:/Thiennh3/APP/Trading/TradeScore/node_modules/@vitest/runner/dist/chunk-artifact.js:2272:10)\n    at file:///D:/Thiennh3/APP/Trading/TradeScore/node_modules/@vitest/runner/dist/chunk-artifact.js:2955:64","TypeError: (0 , __vite_ssr_import_1__.setUlAnalyticsEnabledForTests) is not a function\n    at D:/Thiennh3/APP/Trading/TradeScore/config/featureFlags.test.ts:49:5\n    at file:///D:/Thiennh3/APP/Trading/TradeScore/node_modules/@vitest/runner/dist/chunk-artifact.js:302:11\n    at wrapper (file:///D:/Thiennh3/APP/Trading/TradeScore/node_modules/@vitest/runner/dist/chunk-artifact.js:750:10)\n    at file:///D:/Thiennh3/APP/Trading/TradeScore/node_modules/@vitest/runner/dist/chunk-artifact.js:2305:20\n    at new Promise (<anonymous>)\n    at runWithTimeout (file:///D:/Thiennh3/APP/Trading/TradeScore/node_modules/@vitest/runner/dist/chunk-artifact.js:2272:10)\n    at file:///D:/Thiennh3/APP/Trading/TradeScore/node_modules/@vitest/runner/dist/chunk-artifact.js:2621:52\n    at run (file:///D:/Thiennh3/APP/Trading/TradeScore/node_modules/@vitest/runner/dist/chunk-artifact.js:1150:20)\n    at limiterFn (file:///D:/Thiennh3/APP/Trading/TradeScore/node_modules/@vitest/runner/dist/chunk-artifact.js:1162:59)\n    at runHook (file:///D:/Thiennh3/APP/Trading/TradeScore/node_modules/@vitest/runner/dist/chunk-artifact.js:2620:10)"],"meta":{},"tags":[]},{"ancestorTitles":["USE_UL_ANALYTICS — Task 15.1"],"fullName":"USE_UL_ANALYTICS — Task 15.1 isUlAnalyticsEnabled follows override","status":"failed","title":"isUlAnalyticsEnabled follows override","duration":1.606999999999971,"failureMessages":["TypeError: (0 , __vite_ssr_import_1__.setUlAnalyticsEnabledForTests) is not a function\n    at D:/Thiennh3/APP/Trading/TradeScore/config/featureFlags.test.ts:57:5\n    at file:///D:/Thiennh3/APP/Trading/TradeScore/node_modules/@vitest/runner/dist/chunk-artifact.js:302:11\n    at file:///D:/Thiennh3/APP/Trading/TradeScore/node_modules/@vitest/runner/dist/chunk-artifact.js:1903:26\n    at file:///D:/Thiennh3/APP/Trading/TradeScore/node_modules/@vitest/runner/dist/chunk-artifact.js:2326:20\n    at new Promise (<anonymous>)\n    at runWithCancel (file:///D:/Thiennh3/APP/Trading/TradeScore/node_modules/@vitest/runner/dist/chunk-artifact.js:2323:10)\n    at file:///D:/Thiennh3/APP/Trading/TradeScore/node_modules/@vitest/runner/dist/chunk-artifact.js:2305:20\n    at new Promise (<anonymous>)\n    at runWithTimeout (file:///D:/Thiennh3/APP/Trading/TradeScore/node_modules/@vitest/runner/dist/chunk-artifact.js:2272:10)\n    at file:///D:/Thiennh3/APP/Trading/TradeScore/node_modules/@vitest/runner/dist/chunk-artifact.js:2955:64","TypeError: (0 , __vite_ssr_import_1__.setUlAnalyticsEnabledForTests) is not a function\n    at D:/Thiennh3/APP/Trading/TradeScore/config/featureFlags.test.ts:49:5\n    at file:///D:/Thiennh3/APP/Trading/TradeScore/node_modules/@vitest/runner/dist/chunk-artifact.js:302:11\n    at wrapper (file:///D:/Thiennh3/APP/Trading/TradeScore/node_modules/@vitest/runner/dist/chunk-artifact.js:750:10)\n    at file:///D:/Thiennh3/APP/Trading/TradeScore/node_modules/@vitest/runner/dist/chunk-artifact.js:2305:20\n    at new Promise (<anonymous>)\n    at runWithTimeout (file:///D:/Thiennh3/APP/Trading/TradeScore/node_modules/@vitest/runner/dist/chunk-artifact.js:2272:10)\n    at file:///D:/Thiennh3/APP/Trading/TradeScore/node_modules/@vitest/runner/dist/chunk-artifact.js:2621:52\n    at run (file:///D:/Thiennh3/APP/Trading/TradeScore/node_modules/@vitest/runner/dist/chunk-artifact.js:1150:20)\n    at limiterFn (file:///D:/Thiennh3/APP/Trading/TradeScore/node_modules/@vitest/runner/dist/chunk-artifact.js:1162:59)\n    at runHook (file:///D:/Thiennh3/APP/Trading/TradeScore/node_modules/@vitest/runner/dist/chunk-artifact.js:2620:10)"],"meta":{},"tags":[]},{"ancestorTitles":["USE_CONTINUOUS_SCORING_TR — V4.1 shadow"],"fullName":"USE_CONTINUOUS_SCORING_TR — V4.1 shadow FEATURE_FLAGS defaults to false (shadow)","status":"failed","title":"FEATURE_FLAGS defaults to false (shadow)","duration":1.1403000000000247,"failureMessages":["AssertionError: expected undefined to be false // Object.is equality\n    at D:/Thiennh3/APP/Trading/TradeScore/config/featureFlags.test.ts:68:53\n    at file:///D:/Thiennh3/APP/Trading/TradeScore/node_modules/@vitest/runner/dist/chunk-artifact.js:302:11\n    at file:///D:/Thiennh3/APP/Trading/TradeScore/node_modules/@vitest/runner/dist/chunk-artifact.js:1903:26\n    at file:///D:/Thiennh3/APP/Trading/TradeScore/node_modules/@vitest/runner/dist/chunk-artifact.js:2326:20\n    at new Promise (<anonymous>)\n    at runWithCancel (file:///D:/Thiennh3/APP/Trading/TradeScore/node_modules/@vitest/runner/dist/chunk-artifact.js:2323:10)\n    at file:///D:/Thiennh3/APP/Trading/TradeScore/node_modules/@vitest/runner/dist/chunk-artifact.js:2305:20\n    at new Promise (<anonymous>)\n    at runWithTimeout (file:///D:/Thiennh3/APP/Trading/TradeScore/node_modules/@vitest/runner/dist/chunk-artifact.js:2272:10)\n    at file:///D:/Thiennh3/APP/Trading/TradeScore/node_modules/@vitest/runner/dist/chunk-artifact.js:2955:64"],"meta":{},"tags":[]},{"ancestorTitles":["USE_CONTINUOUS_SCORING_TR — V4.1 shadow"],"fullName":"USE_CONTINUOUS_SCORING_TR — V4.1 shadow CONTINUOUS_SCORING_TR_SYMBOLS scopes NEARUSDT (master flag still false)","status":"failed","title":"CONTINUOUS_SCORING_TR_SYMBOLS scopes NEARUSDT (master flag still false)","duration":5.962300000000141,"failureMessages":["AssertionError: expected undefined to deeply equal [ 'NEARUSDT' ]\n    at D:/Thiennh3/APP/Trading/TradeScore/config/featureFlags.test.ts:72:57\n    at file:///D:/Thiennh3/APP/Trading/TradeScore/node_modules/@vitest/runner/dist/chunk-artifact.js:302:11\n    at file:///D:/Thiennh3/APP/Trading/TradeScore/node_modules/@vitest/runner/dist/chunk-artifact.js:1903:26\n    at file:///D:/Thiennh3/APP/Trading/TradeScore/node_modules/@vitest/runner/dist/chunk-artifact.js:2326:20\n    at new Promise (<anonymous>)\n    at runWithCancel (file:///D:/Thiennh3/APP/Trading/TradeScore/node_modules/@vitest/runner/dist/chunk-artifact.js:2323:10)\n    at file:///D:/Thiennh3/APP/Trading/TradeScore/node_modules/@vitest/runner/dist/chunk-artifact.js:2305:20\n    at new Promise (<anonymous>)\n    at runWithTimeout (file:///D:/Thiennh3/APP/Trading/TradeScore/node_modules/@vitest/runner/dist/chunk-artifact.js:2272:10)\n    at file:///D:/Thiennh3/APP/Trading/TradeScore/node_modules/@vitest/runner/dist/chunk-artifact.js:2955:64"],"meta":{},"tags":[]},{"ancestorTitles":["ENTRY_STATE_MANAGER_ENABLED — UL-04.0 / UL-04.2"],"fullName":"ENTRY_STATE_MANAGER_ENABLED — UL-04.0 / UL-04.2 FEATURE_FLAGS defaults to false (production compile-time)","status":"passed","title":"FEATURE_FLAGS defaults to false (production compile-time)","duration":0.49290000000019063,"failureMessages":[],"meta":{},"tags":[]},{"ancestorTitles":["ENTRY_STATE_MANAGER_ENABLED — UL-04.0 / UL-04.2"],"fullName":"ENTRY_STATE_MANAGER_ENABLED — UL-04.0 / UL-04.2 runtime helper follows UL-04.2 (DEV/staging auto-ON; compile-time flag stays false)","status":"passed","title":"runtime helper follows UL-04.2 (DEV/staging auto-ON; compile-time flag stays false)","duration":1.8963999999996304,"failureMessages":[],"meta":{},"tags":[]},{"ancestorTitles":["ENTRY_STATE_MANAGER_ENABLED — UL-04.0 / UL-04.2"],"fullName":"ENTRY_STATE_MANAGER_ENABLED — UL-04.0 / UL-04.2 ON when EXPO_PUBLIC_TRADESCORE_STAGING=1","status":"passed","title":"ON when EXPO_PUBLIC_TRADESCORE_STAGING=1","duration":0.7276999999999134,"failureMessages":[],"meta":{},"tags":[]}],"startTime":1786071150994,"endTime":1786071151041.7278,"status":"failed","message":"","name":"D:/Thiennh3/APP/Trading/TradeScore/config/featureFlags.test.ts"},{"assertionResults":[{"ancestorTitles":["NEAR_V4_LAYER_GATES helpers (Option A)"],"fullName":"NEAR_V4_LAYER_GATES helpers (Option A) isNearShortLayerGateSymbol only matches NEARUSDT","status":"passed","title":"isNearShortLayerGateSymbol only matches NEARUSDT","duration":6.865500000000338,"failureMessages":[],"meta":{},"tags":[]},{"ancestorTitles":["NEAR_V4_LAYER_GATES helpers (Option A)"],"fullName":"NEAR_V4_LAYER_GATES helpers (Option A) NEAR + SHORT + L3=1.0 → S1 hard block; no STRONG_L3","status":"passed","title":"NEAR + SHORT + L3=1.0 → S1 hard block; no STRONG_L3","duration":2.387000000000171,"failureMessages":[],"meta":{},"tags":[]},{"ancestorTitles":["NEAR_V4_LAYER_GATES helpers (Option A)"],"fullName":"NEAR_V4_LAYER_GATES helpers (Option A) NEAR + SHORT + L3=1.5 → no S1 block; no STRONG_L3","status":"passed","title":"NEAR + SHORT + L3=1.5 → no S1 block; no STRONG_L3","duration":0.6033999999999651,"failureMessages":[],"meta":{},"tags":[]},{"ancestorTitles":["NEAR_V4_LAYER_GATES helpers (Option A)"],"fullName":"NEAR_V4_LAYER_GATES helpers (Option A) NEAR + SHORT + L3=2.0 → no S1 block; signalTags STRONG_L3","status":"passed","title":"NEAR + SHORT + L3=2.0 → no S1 block; signalTags STRONG_L3","duration":0.5925000000002001,"failureMessages":[],"meta":{},"tags":[]},{"ancestorTitles":["NEAR_V4_LAYER_GATES helpers (Option A)"],"fullName":"NEAR_V4_LAYER_GATES helpers (Option A) NEAR + LONG + L3=1.0 → no S1 (LONG untouched)","status":"passed","title":"NEAR + LONG + L3=1.0 → no S1 (LONG untouched)","duration":0.5307999999999993,"failureMessages":[],"meta":{},"tags":[]},{"ancestorTitles":["NEAR_V4_LAYER_GATES helpers (Option A)"],"fullName":"NEAR_V4_LAYER_GATES helpers (Option A) BTC/SOL/BNB + SHORT + L3=1.0 → no S1","status":"passed","title":"BTC/SOL/BNB + SHORT + L3=1.0 → no S1","duration":0.6330000000002656,"failureMessages":[],"meta":{},"tags":[]},{"ancestorTitles":["NEAR_V4_LAYER_GATES helpers (Option A)"],"fullName":"NEAR_V4_LAYER_GATES helpers (Option A) thresholds match SSOT constants","status":"passed","title":"thresholds match SSOT constants","duration":0.4117999999998574,"failureMessages":[],"meta":{},"tags":[]}],"startTime":1786071582242,"endTime":1786071582254.4119,"status":"passed","message":"","name":"D:/Thiennh3/APP/Trading/TradeScore/config/nearV4LayerGates.test.ts"},{"assertionResults":[{"ancestorTitles":["scanSchedule"],"fullName":"scanSchedule uses 60 second interval everywhere","status":"passed","title":"uses 60 second interval everywhere","duration":3.8483000000001084,"failureMessages":[],"meta":{},"tags":[]}],"startTime":1786071654153,"endTime":1786071654156.8484,"status":"passed","message":"","name":"D:/Thiennh3/APP/Trading/TradeScore/constants/scanSchedule.test.ts"},{"assertionResults":[{"ancestorTitles":["DEFAULT_SETTINGS"],"fullName":"DEFAULT_SETTINGS matches Phase 1 risk & schedule config","status":"passed","title":"matches Phase 1 risk & schedule config","duration":5.150499999999738,"failureMessages":[],"meta":{},"tags":[]},{"ancestorTitles":["TRADE_SYMBOLS"],"fullName":"TRADE_SYMBOLS includes BTC, NEAR, SOL and BNB perpetuals","status":"passed","title":"includes BTC, NEAR, SOL and BNB perpetuals","duration":0.6565999999997985,"failureMessages":[],"meta":{},"tags":[]},{"ancestorTitles":["TIMEFRAMES"],"fullName":"TIMEFRAMES defines 5 multi-timeframe intervals in order","status":"passed","title":"defines 5 multi-timeframe intervals in order","duration":0.5693999999998596,"failureMessages":[],"meta":{},"tags":[]},{"ancestorTitles":["ANALYSIS_TIMEFRAMES"],"fullName":"ANALYSIS_TIMEFRAMES defines 3 selectable analysis intervals","status":"passed","title":"defines 3 selectable analysis intervals","duration":0.4337000000000444,"failureMessages":[],"meta":{},"tags":[]},{"ancestorTitles":["LAYER_NAMES"],"fullName":"LAYER_NAMES has exactly 14 technical layers","status":"passed","title":"has exactly 14 technical layers","duration":2.033600000000206,"failureMessages":[],"meta":{},"tags":[]},{"ancestorTitles":["LAYER_NAMES"],"fullName":"LAYER_NAMES includes SMC, CVD and Funding/OI layers","status":"passed","title":"includes SMC, CVD and Funding/OI layers","duration":1.495300000000043,"failureMessages":[],"meta":{},"tags":[]},{"ancestorTitles":["REGIME_WEIGHTS"],"fullName":"REGIME_WEIGHTS TRENDING_BULL covers all 14 layers","status":"passed","title":"TRENDING_BULL covers all 14 layers","duration":4.609199999999873,"failureMessages":[],"meta":{},"tags":[]},{"ancestorTitles":["REGIME_WEIGHTS"],"fullName":"REGIME_WEIGHTS TRENDING_BEAR covers all 14 layers","status":"passed","title":"TRENDING_BEAR covers all 14 layers","duration":1.2541999999998552,"failureMessages":[],"meta":{},"tags":[]},{"ancestorTitles":["REGIME_WEIGHTS"],"fullName":"REGIME_WEIGHTS MEAN_REVERSION covers all 14 layers","status":"passed","title":"MEAN_REVERSION covers all 14 layers","duration":1.2572000000000116,"failureMessages":[],"meta":{},"tags":[]},{"ancestorTitles":["REGIME_WEIGHTS"],"fullName":"REGIME_WEIGHTS HIGH_VOLATILITY_CHOP covers all 14 layers","status":"passed","title":"HIGH_VOLATILITY_CHOP covers all 14 layers","duration":0.9567999999999302,"failureMessages":[],"meta":{},"tags":[]},{"ancestorTitles":["REGIME_WEIGHTS"],"fullName":"REGIME_WEIGHTS TRENDING_BULL weights sum to 1.0","status":"passed","title":"TRENDING_BULL weights sum to 1.0","duration":0.615099999999984,"failureMessages":[],"meta":{},"tags":[]},{"ancestorTitles":["REGIME_WEIGHTS"],"fullName":"REGIME_WEIGHTS TRENDING_BEAR weights sum to 1.0","status":"passed","title":"TRENDING_BEAR weights sum to 1.0","duration":0.21390000000019427,"failureMessages":[],"meta":{},"tags":[]},{"ancestorTitles":["REGIME_WEIGHTS"],"fullName":"REGIME_WEIGHTS MEAN_REVERSION weights sum to 1.0","status":"passed","title":"MEAN_REVERSION weights sum to 1.0","duration":0.1548000000002503,"failureMessages":[],"meta":{},"tags":[]},{"ancestorTitles":["REGIME_WEIGHTS"],"fullName":"REGIME_WEIGHTS HIGH_VOLATILITY_CHOP weights sum to 1.0","status":"passed","title":"HIGH_VOLATILITY_CHOP weights sum to 1.0","duration":0.1505000000001928,"failureMessages":[],"meta":{},"tags":[]},{"ancestorTitles":["REGIME_WEIGHTS"],"fullName":"REGIME_WEIGHTS amplifies BOS/CHoCH in trending regimes vs mean reversion","status":"passed","title":"amplifies BOS/CHoCH in trending regimes vs mean reversion","duration":0.6783000000000357,"failureMessages":[],"meta":{},"tags":[]},{"ancestorTitles":["REGIME_WEIGHTS"],"fullName":"REGIME_WEIGHTS amplifies Bollinger & RSI in mean reversion vs trending bull","status":"passed","title":"amplifies Bollinger & RSI in mean reversion vs trending bull","duration":0.41440000000011423,"failureMessages":[],"meta":{},"tags":[]},{"ancestorTitles":["REGIME_WEIGHTS"],"fullName":"REGIME_WEIGHTS prioritizes volatility & liquidity in HIGH_VOLATILITY_CHOP","status":"passed","title":"prioritizes volatility & liquidity in HIGH_VOLATILITY_CHOP","duration":0.34169999999994616,"failureMessages":[],"meta":{},"tags":[]},{"ancestorTitles":["COLORS"],"fullName":"COLORS uses Binance dark theme base colors","status":"passed","title":"uses Binance dark theme base colors","duration":0.4675999999999476,"failureMessages":[],"meta":{},"tags":[]},{"ancestorTitles":["SCORE_THRESHOLDS"],"fullName":"SCORE_THRESHOLDS orders long → neutral → short thresholds correctly (AI 0–100)","status":"passed","title":"orders long → neutral → short thresholds correctly (AI 0–100)","duration":0.5061999999998079,"failureMessages":[],"meta":{},"tags":[]},{"ancestorTitles":["SCORE_THRESHOLDS"],"fullName":"SCORE_THRESHOLDS defines Phase 4 v2 decision bands on 15-point scale","status":"passed","title":"defines Phase 4 v2 decision bands on 15-point scale","duration":0.3718999999996413,"failureMessages":[],"meta":{},"tags":[]},{"ancestorTitles":["v2 scoring constants"],"fullName":"v2 scoring constants MANDATORY_LAYERS_V2 covers layers 1,3,6,8,9,10","status":"passed","title":"MANDATORY_LAYERS_V2 covers layers 1,3,6,8,9,10","duration":0.3605999999999767,"failureMessages":[],"meta":{},"tags":[]},{"ancestorTitles":["v2 scoring constants"],"fullName":"v2 scoring constants SCORER_LAYER_NAMES has 10 display labels","status":"passed","title":"SCORER_LAYER_NAMES has 10 display labels","duration":0.5212000000001353,"failureMessages":[],"meta":{},"tags":[]},{"ancestorTitles":["v2 scoring constants"],"fullName":"v2 scoring constants DECISION_LABELS_V2 includes all decision types","status":"passed","title":"DECISION_LABELS_V2 includes all decision types","duration":0.31970000000001164,"failureMessages":[],"meta":{},"tags":[]},{"ancestorTitles":["BINANCE_BASE_URL"],"fullName":"BINANCE_BASE_URL points to Binance Futures REST API","status":"passed","title":"points to Binance Futures REST API","duration":0.346400000000358,"failureMessages":[],"meta":{},"tags":[]},{"ancestorTitles":["classifyFundingState"],"fullName":"classifyFundingState EXTREME_LONG_EUPHORIA when current > 0.01% and velocity > 0","status":"passed","title":"EXTREME_LONG_EUPHORIA when current > 0.01% and velocity > 0","duration":0.42669999999998254,"failureMessages":[],"meta":{},"tags":[]},{"ancestorTitles":["classifyFundingState"],"fullName":"classifyFundingState LONG_EUPHORIA_FADING when current > 0.005% and velocity < 0","status":"passed","title":"LONG_EUPHORIA_FADING when current > 0.005% and velocity < 0","duration":0.21499999999969077,"failureMessages":[],"meta":{},"tags":[]},{"ancestorTitles":["classifyFundingState"],"fullName":"classifyFundingState NEUTRAL when |current| ≤ 0.005% and |velocity| ≤ 0.002%","status":"passed","title":"NEUTRAL when |current| ≤ 0.005% and |velocity| ≤ 0.002%","duration":0.2930999999998676,"failureMessages":[],"meta":{},"tags":[]},{"ancestorTitles":["classifyFundingState"],"fullName":"classifyFundingState SHORT_EUPHORIA_FADING when current < -0.005% and velocity > 0","status":"passed","title":"SHORT_EUPHORIA_FADING when current < -0.005% and velocity > 0","duration":0.2561999999998079,"failureMessages":[],"meta":{},"tags":[]},{"ancestorTitles":["classifyFundingState"],"fullName":"classifyFundingState SHORT_SQUEEZE_BUILDING when current < -0.005% and velocity < 0","status":"passed","title":"SHORT_SQUEEZE_BUILDING when current < -0.005% and velocity < 0","duration":0.2446999999997388,"failureMessages":[],"meta":{},"tags":[]},{"ancestorTitles":["classifyFundingState"],"fullName":"classifyFundingState boundary: current = 0.005% and velocity = 0 → NEUTRAL","status":"passed","title":"boundary: current = 0.005% and velocity = 0 → NEUTRAL","duration":0.22159999999985303,"failureMessages":[],"meta":{},"tags":[]},{"ancestorTitles":["classifyFundingState"],"fullName":"classifyFundingState boundary: current = 0.01% (not > 0.01) with positive velocity → LONG_FUNDING_ELEVATED","status":"passed","title":"boundary: current = 0.01% (not > 0.01) with positive velocity → LONG_FUNDING_ELEVATED","duration":0.21309999999994034,"failureMessages":[],"meta":{},"tags":[]},{"ancestorTitles":["classifyFundingState"],"fullName":"classifyFundingState LONG_FUNDING_ELEVATED when current = 0.0095% and velocity = 0","status":"passed","title":"LONG_FUNDING_ELEVATED when current = 0.0095% and velocity = 0","duration":0.20729999999957727,"failureMessages":[],"meta":{},"tags":[]},{"ancestorTitles":["classifyFundingState"],"fullName":"classifyFundingState boundary: current = 0.0050001% and velocity = 0 → LONG_FUNDING_ELEVATED","status":"passed","title":"boundary: current = 0.0050001% and velocity = 0 → LONG_FUNDING_ELEVATED","duration":0.18890000000010332,"failureMessages":[],"meta":{},"tags":[]},{"ancestorTitles":["classifyFundingState"],"fullName":"classifyFundingState boundary: current = 0.01% and velocity = 0 → LONG_FUNDING_ELEVATED","status":"passed","title":"boundary: current = 0.01% and velocity = 0 → LONG_FUNDING_ELEVATED","duration":0.2300000000000182,"failureMessages":[],"meta":{},"tags":[]},{"ancestorTitles":["classifyFundingState"],"fullName":"classifyFundingState boundary: current = 0.0100001% and velocity = 0 → NEUTRAL fallback","status":"passed","title":"boundary: current = 0.0100001% and velocity = 0 → NEUTRAL fallback","duration":0.21329999999989013,"failureMessages":[],"meta":{},"tags":[]},{"ancestorTitles":["classifyFundingState"],"fullName":"classifyFundingState boundary: current = 0.0100001% and velocity > 0 → EXTREME_LONG_EUPHORIA","status":"passed","title":"boundary: current = 0.0100001% and velocity > 0 → EXTREME_LONG_EUPHORIA","duration":0.22440000000005966,"failureMessages":[],"meta":{},"tags":[]},{"ancestorTitles":["classifyFundingState"],"fullName":"classifyFundingState boundary: velocity = 0.002% at neutral current → NEUTRAL","status":"passed","title":"boundary: velocity = 0.002% at neutral current → NEUTRAL","duration":2.91399999999976,"failureMessages":[],"meta":{},"tags":[]},{"ancestorTitles":["getFundingStateLabel"],"fullName":"getFundingStateLabel returns icon and text for each FundingState","status":"passed","title":"returns icon and text for each FundingState","duration":0.5610999999998967,"failureMessages":[],"meta":{},"tags":[]}],"startTime":1786071412921,"endTime":1786071412953.561,"status":"passed","message":"","name":"D:/Thiennh3/APP/Trading/TradeScore/constants/scoring.test.ts"},{"assertionResults":[{"ancestorTitles":["scanMarkPriceBus"],"fullName":"scanMarkPriceBus notifyScanMarkPricesUpdated increments generation and calls listeners","status":"passed","title":"notifyScanMarkPricesUpdated increments generation and calls listeners","duration":4.221600000000308,"failureMessages":[],"meta":{},"tags":[]}],"startTime":1786071657526,"endTime":1786071657530.2217,"status":"passed","message":"","name":"D:/Thiennh3/APP/Trading/TradeScore/hooks/scanMarkPriceBus.test.ts"},{"assertionResults":[{"ancestorTitles":["useDriveSyncLifecycle (Web app)"],"fullName":"useDriveSyncLifecycle (Web app) Web app gọi pullFromDrive khi mount (sau hydrate)","status":"passed","title":"Web app gọi pullFromDrive khi mount (sau hydrate)","duration":57.76929999999993,"failureMessages":[],"meta":{},"tags":[]},{"ancestorTitles":["useDriveSyncLifecycle (Web app)"],"fullName":"useDriveSyncLifecycle (Web app) Web app cleanup khi unmount","status":"passed","title":"Web app cleanup khi unmount","duration":10.951999999999316,"failureMessages":[],"meta":{},"tags":[]},{"ancestorTitles":["useDriveSyncLifecycle (Web app)"],"fullName":"useDriveSyncLifecycle (Web app) pullFromDrive fail không crash app","status":"passed","title":"pullFromDrive fail không crash app","duration":38.02399999999943,"failureMessages":[],"meta":{},"tags":[]}],"startTime":1786071332425,"endTime":1786071332531.024,"status":"passed","message":"","name":"D:/Thiennh3/APP/Trading/TradeScore/hooks/useDriveSyncLifecycle.test.tsx"},{"assertionResults":[{"ancestorTitles":["useJournalMarketSync helpers"],"fullName":"useJournalMarketSync helpers buildMarkPricesFromSignalRows uses live row.price not entry price","status":"passed","title":"buildMarkPricesFromSignalRows uses live row.price not entry price","duration":5.508700000000317,"failureMessages":[],"meta":{},"tags":[]},{"ancestorTitles":["useJournalMarketSync helpers"],"fullName":"useJournalMarketSync helpers resolveScorerVersionForEntry prefers entry strategy source","status":"passed","title":"resolveScorerVersionForEntry prefers entry strategy source","duration":5.034200000000055,"failureMessages":[],"meta":{},"tags":[]}],"startTime":1786071490359,"endTime":1786071490370.0342,"status":"passed","message":"","name":"D:/Thiennh3/APP/Trading/TradeScore/hooks/useJournalMarketSync.test.ts"},{"assertionResults":[{"ancestorTitles":["backtest-v4-near-30d-real"],"fullName":"backtest-v4-near-30d-real runs NEAR V4 30d clean backtest (OI/LS paginated)","status":"passed","title":"runs NEAR V4 30d clean backtest (OI/LS paginated)","duration":3208.7563999999984,"failureMessages":[],"meta":{},"tags":[]}],"startTime":1786071218227,"endTime":1786071221435.7563,"status":"passed","message":"","name":"D:/Thiennh3/APP/Trading/TradeScore/scripts/backtest-v4-near-30d-real.test.ts"},{"assertionResults":[{"ancestorTitles":["backtest-v4-near-90d"],"fullName":"backtest-v4-near-90d runs NEAR V4 90d backtest and writes CSV/MD","status":"passed","title":"runs NEAR V4 90d backtest and writes CSV/MD","duration":10900.218900000002,"failureMessages":[],"meta":{},"tags":[]}],"startTime":1786071187700,"endTime":1786071198600.219,"status":"passed","message":"","name":"D:/Thiennh3/APP/Trading/TradeScore/scripts/backtest-v4-near-90d.test.ts"},{"assertionResults":[{"ancestorTitles":["backtest-v4-near-l6-multi-period"],"fullName":"backtest-v4-near-l6-multi-period runs 90/180/365d and writes near_rule_comparison_multi_period.md","status":"passed","title":"runs 90/180/365d and writes near_rule_comparison_multi_period.md","duration":156546.4642,"failureMessages":[],"meta":{},"tags":[]}],"startTime":1786071186281,"endTime":1786071342827.464,"status":"passed","message":"","name":"D:/Thiennh3/APP/Trading/TradeScore/scripts/backtest-v4-near-l6-multi-period.test.ts"},{"assertionResults":[{"ancestorTitles":["smoke-v4-ambiguity"],"fullName":"smoke-v4-ambiguity NEAR 14d amb=1.0 produces CSV columns","status":"passed","title":"NEAR 14d amb=1.0 produces CSV columns","duration":2411.271999999999,"failureMessages":[],"meta":{},"tags":[]}],"startTime":1786071248017,"endTime":1786071250428.272,"status":"passed","message":"","name":"D:/Thiennh3/APP/Trading/TradeScore/scripts/smoke-v4-ambiguity.test.ts"},{"assertionResults":[{"ancestorTitles":["sweep-v4-ambiguity-180d"],"fullName":"sweep-v4-ambiguity-180d runs 4-coin × 5-threshold ambiguity sweep (180d)","status":"passed","title":"runs 4-coin × 5-threshold ambiguity sweep (180d)","duration":123109.6538,"failureMessages":[],"meta":{},"tags":[]}],"startTime":1786071186871,"endTime":1786071309980.6538,"status":"passed","message":"","name":"D:/Thiennh3/APP/Trading/TradeScore/scripts/sweep-v4-ambiguity-180d.test.ts"},{"assertionResults":[{"ancestorTitles":["actualWinrate"],"fullName":"actualWinrate scoreInBucket phân loại đúng ngưỡng","status":"passed","title":"scoreInBucket phân loại đúng ngưỡng","duration":4.369499999999789,"failureMessages":[],"meta":{},"tags":[]},{"ancestorTitles":["actualWinrate"],"fullName":"actualWinrate calculateActualWinrate tính WIN/(WIN+LOSS) và độ lệch","status":"passed","title":"calculateActualWinrate tính WIN/(WIN+LOSS) và độ lệch","duration":2.292699999999968,"failureMessages":[],"meta":{},"tags":[]},{"ancestorTitles":["actualWinrate"],"fullName":"actualWinrate lọc theo scorerVersion","status":"passed","title":"lọc theo scorerVersion","duration":0.7538999999997031,"failureMessages":[],"meta":{},"tags":[]},{"ancestorTitles":["actualWinrate"],"fullName":"actualWinrate calculateAllBucketWinrates trả đủ 4 bucket","status":"passed","title":"calculateAllBucketWinrates trả đủ 4 bucket","duration":2.208599999999933,"failureMessages":[],"meta":{},"tags":[]},{"ancestorTitles":["actualWinrate"],"fullName":"actualWinrate winrate theo fundingStateAtEntry — chỉ V4","status":"passed","title":"winrate theo fundingStateAtEntry — chỉ V4","duration":1.4744999999993524,"failureMessages":[],"meta":{},"tags":[]},{"ancestorTitles":["actualWinrate"],"fullName":"actualWinrate engine V3 → funding winrate N/A","status":"passed","title":"engine V3 → funding winrate N/A","duration":1.026600000000144,"failureMessages":[],"meta":{},"tags":[]},{"ancestorTitles":["actualWinrate"],"fullName":"actualWinrate calculateWinrateBySqueezeLevel — LOW 100%, HIGH 0%, MEDIUM chưa đủ mẫu","status":"passed","title":"calculateWinrateBySqueezeLevel — LOW 100%, HIGH 0%, MEDIUM chưa đủ mẫu","duration":2.7404999999998836,"failureMessages":[],"meta":{},"tags":[]}],"startTime":1786071552775,"endTime":1786071552789.7405,"status":"passed","message":"","name":"D:/Thiennh3/APP/Trading/TradeScore/services/actualWinrate.test.ts"},{"assertionResults":[{"ancestorTitles":["evaluateADXGate"],"fullName":"evaluateADXGate BLOCK when bothChoppy","status":"passed","title":"BLOCK when bothChoppy","duration":8.011700000000019,"failureMessages":[],"meta":{},"tags":[]},{"ancestorTitles":["evaluateADXGate"],"fullName":"evaluateADXGate WARNING when only one timeframe is choppy","status":"passed","title":"WARNING when only one timeframe is choppy","duration":1.2193999999999505,"failureMessages":[],"meta":{},"tags":[]},{"ancestorTitles":["evaluateADXGate"],"fullName":"evaluateADXGate WARNING when RANGING (adxAvg 15-25)","status":"passed","title":"WARNING when RANGING (adxAvg 15-25)","duration":0.6934999999998581,"failureMessages":[],"meta":{},"tags":[]},{"ancestorTitles":["evaluateADXGate"],"fullName":"evaluateADXGate OK when TRENDING WEAK (adxAvg 25-35)","status":"passed","title":"OK when TRENDING WEAK (adxAvg 25-35)","duration":0.517699999999877,"failureMessages":[],"meta":{},"tags":[]},{"ancestorTitles":["evaluateADXGate"],"fullName":"evaluateADXGate BONUS when TRENDING STRONG (adxAvg > 35)","status":"passed","title":"BONUS when TRENDING STRONG (adxAvg > 35)","duration":0.4960000000000946,"failureMessages":[],"meta":{},"tags":[]},{"ancestorTitles":["evaluateADXGate"],"fullName":"evaluateADXGate fallback OK when adxData is undefined","status":"passed","title":"fallback OK when adxData is undefined","duration":0.400300000000243,"failureMessages":[],"meta":{},"tags":[]},{"ancestorTitles":["signalBoardScan ADX wire"],"fullName":"signalBoardScan ADX wire mock CHOPPY adxData qua scan → row.adxGate.block true","status":"passed","title":"mock CHOPPY adxData qua scan → row.adxGate.block true","duration":2889.3331000000003,"failureMessages":[],"meta":{},"tags":[]},{"ancestorTitles":["signalBoardScan ADX wire"],"fullName":"signalBoardScan ADX wire mock TRENDING STRONG adxData qua scan → TP1 scaled ×1.2","status":"passed","title":"mock TRENDING STRONG adxData qua scan → TP1 scaled ×1.2","duration":10.943000000000211,"failureMessages":[],"meta":{},"tags":[]}],"startTime":1786071232064,"endTime":1786071234976.943,"status":"passed","message":"","name":"D:/Thiennh3/APP/Trading/TradeScore/services/adxGate.test.ts"},{"assertionResults":[{"ancestorTitles":["adxJournal serialization"],"fullName":"adxJournal serialization entry có adxSnapshot → JSON shape đúng AdxJournalSnapshot","status":"passed","title":"entry có adxSnapshot → JSON shape đúng AdxJournalSnapshot","duration":6.574600000000828,"failureMessages":[],"meta":{},"tags":[]},{"ancestorTitles":["adxJournal serialization"],"fullName":"adxJournal serialization entry cũ không có adxSnapshot → migrate không crash, field undefined","status":"passed","title":"entry cũ không có adxSnapshot → migrate không crash, field undefined","duration":6.8005999999995765,"failureMessages":[],"meta":{},"tags":[]}],"startTime":1786071599319,"endTime":1786071599331.8005,"status":"passed","message":"","name":"D:/Thiennh3/APP/Trading/TradeScore/services/adxJournal.test.ts"},{"assertionResults":[{"ancestorTitles":["summarizeJournal"],"fullName":"summarizeJournal counts open, pending, and closed separately","status":"passed","title":"counts open, pending, and closed separately","duration":5.137300000000323,"failureMessages":[],"meta":{},"tags":[]},{"ancestorTitles":["summarizeJournal"],"fullName":"summarizeJournal returns zeros for empty journal","status":"passed","title":"returns zeros for empty journal","duration":0.5901999999996406,"failureMessages":[],"meta":{},"tags":[]}],"startTime":1786071644394,"endTime":1786071644400.59,"status":"passed","message":"","name":"D:/Thiennh3/APP/Trading/TradeScore/services/appPersistence.test.ts"},{"assertionResults":[{"ancestorTitles":["autoCloseOnSlHit"],"fullName":"autoCloseOnSlHit closes ai journal with SL_HIT when SHORT mark >= SL","status":"passed","title":"closes ai journal with SL_HIT when SHORT mark >= SL","duration":10.60839999999962,"failureMessages":[],"meta":{},"tags":[]},{"ancestorTitles":["autoCloseOnSlHit"],"fullName":"autoCloseOnSlHit closes legacy only when no ai entry","status":"passed","title":"closes legacy only when no ai entry","duration":1.6549999999997453,"failureMessages":[],"meta":{},"tags":[]},{"ancestorTitles":["autoCloseOnSlHit"],"fullName":"autoCloseOnSlHit returns false when SL not hit","status":"passed","title":"returns false when SL not hit","duration":0.7398000000002867,"failureMessages":[],"meta":{},"tags":[]},{"ancestorTitles":["autoCloseOnSlHit"],"fullName":"autoCloseOnSlHit returns false when entry not OPEN","status":"passed","title":"returns false when entry not OPEN","duration":0.5969000000000051,"failureMessages":[],"meta":{},"tags":[]}],"startTime":1786071585737,"endTime":1786071585751.597,"status":"passed","message":"","name":"D:/Thiennh3/APP/Trading/TradeScore/services/autoCloseOnSlHit.test.ts"},{"assertionResults":[{"ancestorTitles":["shouldTriggerBackgroundSessionCheck"],"fullName":"shouldTriggerBackgroundSessionCheck matches window after :02 during trading hours","status":"passed","title":"matches window after :02 during trading hours","duration":4.3947999999991225,"failureMessages":[],"meta":{},"tags":[]},{"ancestorTitles":["shouldTriggerBackgroundSessionCheck"],"fullName":"shouldTriggerBackgroundSessionCheck ignores outside window","status":"passed","title":"ignores outside window","duration":0.5270000000000437,"failureMessages":[],"meta":{},"tags":[]},{"ancestorTitles":["shouldTriggerBackgroundSessionCheck"],"fullName":"shouldTriggerBackgroundSessionCheck ignores before start hour","status":"passed","title":"ignores before start hour","duration":0.47740000000067084,"failureMessages":[],"meta":{},"tags":[]}],"startTime":1786071663129,"endTime":1786071663134.527,"status":"passed","message":"","name":"D:/Thiennh3/APP/Trading/TradeScore/services/backgroundSessionSchedule.test.ts"},{"assertionResults":[{"ancestorTitles":["binanceApi"],"fullName":"binanceApi fetchKlines parses candle data","status":"passed","title":"fetchKlines parses candle data","duration":17.568499999999403,"failureMessages":[],"meta":{},"tags":[]},{"ancestorTitles":["binanceApi"],"fullName":"binanceApi fetchTickerPrice returns last traded price","status":"passed","title":"fetchTickerPrice returns last traded price","duration":2.1486000000004424,"failureMessages":[],"meta":{},"tags":[]},{"ancestorTitles":["binanceApi"],"fullName":"binanceApi fetchBookTicker returns bid/ask spread","status":"passed","title":"fetchBookTicker returns bid/ask spread","duration":1.9429000000000087,"failureMessages":[],"meta":{},"tags":[]},{"ancestorTitles":["binanceApi"],"fullName":"binanceApi fetchForceOrders uses public WebSocket without API headers","status":"passed","title":"fetchForceOrders uses public WebSocket without API headers","duration":2011.3893999999991,"failureMessages":[],"meta":{},"tags":[]},{"ancestorTitles":["binanceApi"],"fullName":"binanceApi fetchDeepOrderBook requests limit=1000","status":"passed","title":"fetchDeepOrderBook requests limit=1000","duration":10.333800000000338,"failureMessages":[],"meta":{},"tags":[]},{"ancestorTitles":["binanceApi"],"fullName":"binanceApi returns fromCache on network failure when cache exists","status":"passed","title":"returns fromCache on network failure when cache exists","duration":133.1826000000001,"failureMessages":[],"meta":{},"tags":[]},{"ancestorTitles":["binanceApi"],"fullName":"binanceApi fetchFundingRateHistory requests limit=16 and returns newest at index 0","status":"passed","title":"fetchFundingRateHistory requests limit=16 and returns newest at index 0","duration":2.569900000000416,"failureMessages":[],"meta":{},"tags":[]},{"ancestorTitles":["binanceApi"],"fullName":"binanceApi fetchFundingRateHistory returns null and warns when API fails without cache","status":"passed","title":"fetchFundingRateHistory returns null and warns when API fails without cache","duration":3.5609000000004016,"failureMessages":[],"meta":{},"tags":[]},{"ancestorTitles":["binanceApi"],"fullName":"binanceApi calculateFundingMetrics computes avg8, avg16, velocity, acceleration","status":"passed","title":"calculateFundingMetrics computes avg8, avg16, velocity, acceleration","duration":1.1291999999994005,"failureMessages":[],"meta":{},"tags":[]},{"ancestorTitles":["binanceApi"],"fullName":"binanceApi fundingRatesNewestFirst sorts by fundingTime descending","status":"passed","title":"fundingRatesNewestFirst sorts by fundingTime descending","duration":0.6609000000007654,"failureMessages":[],"meta":{},"tags":[]},{"ancestorTitles":["binanceApi"],"fullName":"binanceApi fetchAllMarketData uses allSettled and collects partial results","status":"passed","title":"fetchAllMarketData uses allSettled and collects partial results","duration":2144.4094999999998,"failureMessages":[],"meta":{},"tags":[]}],"startTime":1786071205298,"endTime":1786071209627.4094,"status":"passed","message":"","name":"D:/Thiennh3/APP/Trading/TradeScore/services/binanceApi.test.ts"},{"assertionResults":[{"ancestorTitles":["calculateCapitalTier"],"fullName":"calculateCapitalTier capital=34, initial=34 → GD1","status":"passed","title":"capital=34, initial=34 → GD1","duration":4.364299999999275,"failureMessages":[],"meta":{},"tags":[]},{"ancestorTitles":["calculateCapitalTier"],"fullName":"calculateCapitalTier capital=44.2, initial=34 → GD2","status":"passed","title":"capital=44.2, initial=34 → GD2","duration":0.8261000000002241,"failureMessages":[],"meta":{},"tags":[]},{"ancestorTitles":["calculateCapitalTier"],"fullName":"calculateCapitalTier capital=57.5, initial=34 → GD3","status":"passed","title":"capital=57.5, initial=34 → GD3","duration":0.6561999999994441,"failureMessages":[],"meta":{},"tags":[]},{"ancestorTitles":["calculateCapitalTier"],"fullName":"calculateCapitalTier capital=100, initial=34 → GD5","status":"passed","title":"capital=100, initial=34 → GD5","duration":0.5805000000000291,"failureMessages":[],"meta":{},"tags":[]},{"ancestorTitles":["calculateCapitalTier"],"fullName":"calculateCapitalTier capital=97, initial=34 → GD4 (chưa đủ ngưỡng GD5)","status":"passed","title":"capital=97, initial=34 → GD4 (chưa đủ ngưỡng GD5)","duration":0.6529000000000451,"failureMessages":[],"meta":{},"tags":[]},{"ancestorTitles":["checkMilestoneUpgrade"],"fullName":"checkMilestoneUpgrade current=44.2, lastMilestone=34 → true","status":"passed","title":"current=44.2, lastMilestone=34 → true","duration":0.5257000000001426,"failureMessages":[],"meta":{},"tags":[]},{"ancestorTitles":["checkMilestoneUpgrade"],"fullName":"checkMilestoneUpgrade current=43.9, lastMilestone=34 → false","status":"passed","title":"current=43.9, lastMilestone=34 → false","duration":0.4135999999998603,"failureMessages":[],"meta":{},"tags":[]},{"ancestorTitles":["checkMilestoneUpgrade"],"fullName":"checkMilestoneUpgrade current=57.5, lastMilestone=44.2 → true","status":"passed","title":"current=57.5, lastMilestone=44.2 → true","duration":0.37150000000019645,"failureMessages":[],"meta":{},"tags":[]},{"ancestorTitles":["processAccountSizeUpdate"],"fullName":"processAccountSizeUpdate áp dụng tier mới nhưng giữ lastMilestone chờ modal","status":"passed","title":"áp dụng tier mới nhưng giữ lastMilestone chờ modal","duration":1.3495999999995547,"failureMessages":[],"meta":{},"tags":[]}],"startTime":1786071578835,"endTime":1786071578846.3496,"status":"passed","message":"","name":"D:/Thiennh3/APP/Trading/TradeScore/services/capitalManagement.test.ts"},{"assertionResults":[{"ancestorTitles":["capital UI progress & milestone modal"],"fullName":"capital UI progress & milestone modal capital=39.10 → progress ≈ 50%, không modal","status":"passed","title":"capital=39.10 → progress ≈ 50%, không modal","duration":7.4625999999998385,"failureMessages":[],"meta":{},"tags":[]},{"ancestorTitles":["capital UI progress & milestone modal"],"fullName":"capital UI progress & milestone modal capital=44.20 → progress 100%, modal upgrade","status":"passed","title":"capital=44.20 → progress 100%, modal upgrade","duration":1.1610000000000582,"failureMessages":[],"meta":{},"tags":[]},{"ancestorTitles":["capital UI progress & milestone modal"],"fullName":"capital UI progress & milestone modal sau confirm GD2, capital=57.5 → modal GD3","status":"passed","title":"sau confirm GD2, capital=57.5 → modal GD3","duration":0.9458000000004176,"failureMessages":[],"meta":{},"tags":[]},{"ancestorTitles":["capital_state persistence"],"fullName":"capital_state persistence lưu và khôi phục tier sau restart (in-memory)","status":"passed","title":"lưu và khôi phục tier sau restart (in-memory)","duration":0.6658999999999651,"failureMessages":[],"meta":{},"tags":[]},{"ancestorTitles":["capital_state persistence"],"fullName":"capital_state persistence uses storage key capital_state","status":"passed","title":"uses storage key capital_state","duration":0.33179999999993015,"failureMessages":[],"meta":{},"tags":[]},{"ancestorTitles":["processAccountSizeUpdate defer milestone"],"fullName":"processAccountSizeUpdate defer milestone chờ confirm trước khi cập nhật lastMilestoneCapital","status":"passed","title":"chờ confirm trước khi cập nhật lastMilestoneCapital","duration":0.4673000000002503,"failureMessages":[],"meta":{},"tags":[]},{"ancestorTitles":["processAccountSizeUpdate defer milestone"],"fullName":"processAccountSizeUpdate defer milestone confirmMilestoneUpgrade cập nhật lastMilestone và journal note","status":"passed","title":"confirmMilestoneUpgrade cập nhật lastMilestone và journal note","duration":0.8945999999996275,"failureMessages":[],"meta":{},"tags":[]},{"ancestorTitles":["tier badge label"],"fullName":"tier badge label hiển thị đúng tier name theo vốn","status":"passed","title":"hiển thị đúng tier name theo vốn","duration":0.5416999999997643,"failureMessages":[],"meta":{},"tags":[]}],"startTime":1786071553852,"endTime":1786071553865.5417,"status":"passed","message":"","name":"D:/Thiennh3/APP/Trading/TradeScore/services/capitalUi.test.ts"},{"assertionResults":[{"ancestorTitles":["CVDX","CASE A — deep negative, deteriorating, price below EMA20"],"fullName":"CVDX CASE A — deep negative, deteriorating, price below EMA20 classifies STRONG_BEARISH","status":"passed","title":"classifies STRONG_BEARISH","duration":3.7866000000003623,"failureMessages":[],"meta":{},"tags":[]},{"ancestorTitles":["CVDX","CASE A — deep negative, deteriorating, price below EMA20"],"fullName":"CVDX CASE A — deep negative, deteriorating, price below EMA20 returns HARD BLOCK message","status":"passed","title":"returns HARD BLOCK message","duration":0.6808000000000902,"failureMessages":[],"meta":{},"tags":[]},{"ancestorTitles":["CVDX","CASE A — deep negative, deteriorating, price below EMA20"],"fullName":"CVDX CASE A — deep negative, deteriorating, price below EMA20 scoreL5aV4 LONG hard blocks via L5a","status":"passed","title":"scoreL5aV4 LONG hard blocks via L5a","duration":1.7893000000003667,"failureMessages":[],"meta":{},"tags":[]},{"ancestorTitles":["CVDX","CASE B — deep negative, recovering momentum +6M"],"fullName":"CVDX CASE B — deep negative, recovering momentum +6M classifies RECOVERING","status":"passed","title":"classifies RECOVERING","duration":0.5037000000002081,"failureMessages":[],"meta":{},"tags":[]},{"ancestorTitles":["CVDX","CASE B — deep negative, recovering momentum +6M"],"fullName":"CVDX CASE B — deep negative, recovering momentum +6M no hard block","status":"passed","title":"no hard block","duration":0.3856000000005224,"failureMessages":[],"meta":{},"tags":[]},{"ancestorTitles":["CVDX","CASE B — deep negative, recovering momentum +6M"],"fullName":"CVDX CASE B — deep negative, recovering momentum +6M applies -1.0 score penalty and soft warning","status":"passed","title":"applies -1.0 score penalty and soft warning","duration":0.7277000000003682,"failureMessages":[],"meta":{},"tags":[]},{"ancestorTitles":["CVDX","CASE B — deep negative, recovering momentum +6M"],"fullName":"CVDX CASE B — deep negative, recovering momentum +6M scoreL5aV4 LONG: no hard block, recovering warning, L5a penalty","status":"passed","title":"scoreL5aV4 LONG: no hard block, recovering warning, L5a penalty","duration":0.9149999999999636,"failureMessages":[],"meta":{},"tags":[]},{"ancestorTitles":["CVDX","CASE C — mildly negative -5M (existing behavior unchanged)"],"fullName":"CVDX CASE C — mildly negative -5M (existing behavior unchanged) classifies NEUTRAL (not deep negative)","status":"passed","title":"classifies NEUTRAL (not deep negative)","duration":0.4000000000005457,"failureMessages":[],"meta":{},"tags":[]},{"ancestorTitles":["CVDX","CASE C — mildly negative -5M (existing behavior unchanged)"],"fullName":"CVDX CASE C — mildly negative -5M (existing behavior unchanged) no hard block (legacy -2M rule removed)","status":"passed","title":"no hard block (legacy -2M rule removed)","duration":0.43179999999938445,"failureMessages":[],"meta":{},"tags":[]},{"ancestorTitles":["CVDX","CASE C — mildly negative -5M (existing behavior unchanged)"],"fullName":"CVDX CASE C — mildly negative -5M (existing behavior unchanged) no recovering penalty","status":"passed","title":"no recovering penalty","duration":0.48439999999936845,"failureMessages":[],"meta":{},"tags":[]},{"ancestorTitles":["CVDX","CASE C — mildly negative -5M (existing behavior unchanged)"],"fullName":"CVDX CASE C — mildly negative -5M (existing behavior unchanged) scoreL5aV4 LONG: no hard block, no recovering warning","status":"passed","title":"scoreL5aV4 LONG: no hard block, no recovering warning","duration":0.6153000000003885,"failureMessages":[],"meta":{},"tags":[]}],"startTime":1786071524468,"endTime":1786071524480.6152,"status":"passed","message":"","name":"D:/Thiennh3/APP/Trading/TradeScore/services/cvdx.test.ts"},{"assertionResults":[{"ancestorTitles":["derivativesDataService L11"],"fullName":"derivativesDataService L11 SHORT + cụm thanh lý 1.5–2% phía trên > $1M → -1.5","status":"passed","title":"SHORT + cụm thanh lý 1.5–2% phía trên > $1M → -1.5","duration":4.53439999999955,"failureMessages":[],"meta":{},"tags":[]},{"ancestorTitles":["derivativesDataService L11"],"fullName":"derivativesDataService L11 SHORT + không có tường nặng phía trên → +1.0","status":"passed","title":"SHORT + không có tường nặng phía trên → +1.0","duration":0.5848999999998341,"failureMessages":[],"meta":{},"tags":[]},{"ancestorTitles":["derivativesDataService L12"],"fullName":"derivativesDataService L12 L12: funding > 0.01% + SHORT → +1.0","status":"passed","title":"L12: funding > 0.01% + SHORT → +1.0","duration":2.571799999999712,"failureMessages":[],"meta":{},"tags":[]},{"ancestorTitles":["computeAdvancedDerivativesScore"],"fullName":"computeAdvancedDerivativesScore tổng hợp L11+L12+L13 cho SHORT thuận","status":"passed","title":"tổng hợp L11+L12+L13 cho SHORT thuận","duration":1.2551000000003114,"failureMessages":[],"meta":{},"tags":[]},{"ancestorTitles":["computeAdvancedDerivativesScore"],"fullName":"computeAdvancedDerivativesScore fallback → toàn bộ 0 khi không có dữ liệu","status":"passed","title":"fallback → toàn bộ 0 khi không có dữ liệu","duration":0.5047999999997046,"failureMessages":[],"meta":{},"tags":[]},{"ancestorTitles":["computeAdvancedDerivativesScore"],"fullName":"computeAdvancedDerivativesScore RANGING market → whaleDeltaScore 0, L11/L12 unchanged","status":"passed","title":"RANGING market → whaleDeltaScore 0, L11/L12 unchanged","duration":0.742500000000291,"failureMessages":[],"meta":{},"tags":[]},{"ancestorTitles":["fetchAndScoreAdvancedDerivatives"],"fullName":"fetchAndScoreAdvancedDerivatives dùng mock khi không có API key — không crash","status":"passed","title":"dùng mock khi không có API key — không crash","duration":1.6311000000005151,"failureMessages":[],"meta":{},"tags":[]},{"ancestorTitles":["fetchAndScoreAdvancedDerivatives"],"fullName":"fetchAndScoreAdvancedDerivatives API fail → fallback 0","status":"passed","title":"API fail → fallback 0","duration":4.18119999999999,"failureMessages":[],"meta":{},"tags":[]}],"startTime":1786071578907,"endTime":1786071578925.1812,"status":"passed","message":"","name":"D:/Thiennh3/APP/Trading/TradeScore/services/derivativesDataService.test.ts"},{"assertionResults":[{"ancestorTitles":["Task3 T1 — AMBIGUOUS_THRESHOLD is 2.5"],"fullName":"Task3 T1 — AMBIGUOUS_THRESHOLD is 2.5 exports AMBIGUOUS_THRESHOLD === 2.5","status":"passed","title":"exports AMBIGUOUS_THRESHOLD === 2.5","duration":3.7391999999999825,"failureMessages":[],"meta":{},"tags":[]},{"ancestorTitles":["Task3 T2 — trigger when |Δ| < 2.5, not when ≥ 2.5"],"fullName":"Task3 T2 — trigger when |Δ| < 2.5, not when ≥ 2.5 |Δ|=2.4 < 2.5 → after 2 scans becomes AMBIGUOUS","status":"passed","title":"|Δ|=2.4 < 2.5 → after 2 scans becomes AMBIGUOUS","duration":1.341399999999794,"failureMessages":[],"meta":{},"tags":[]},{"ancestorTitles":["Task3 T2 — trigger when |Δ| < 2.5, not when ≥ 2.5"],"fullName":"Task3 T2 — trigger when |Δ| < 2.5, not when ≥ 2.5 |Δ|=2.5 ≥ 2.5 → never enters AMBIGUOUS from CLEAR","status":"passed","title":"|Δ|=2.5 ≥ 2.5 → never enters AMBIGUOUS from CLEAR","duration":0.7316000000000713,"failureMessages":[],"meta":{},"tags":[]},{"ancestorTitles":["Task3 T2 — trigger when |Δ| < 2.5, not when ≥ 2.5"],"fullName":"Task3 T2 — trigger when |Δ| < 2.5, not when ≥ 2.5 |Δ|=2.6 → CLEAR","status":"passed","title":"|Δ|=2.6 → CLEAR","duration":0.5086999999998625,"failureMessages":[],"meta":{},"tags":[]},{"ancestorTitles":["Task3 T3 — hysteresis 2-scan enter / 2-scan exit"],"fullName":"Task3 T3 — hysteresis 2-scan enter / 2-scan exit 1 close scan stays CLEAR; 2nd → AMBIGUOUS; 2 clear → CLEAR","status":"passed","title":"1 close scan stays CLEAR; 2nd → AMBIGUOUS; 2 clear → CLEAR","duration":0.8975999999997839,"failureMessages":[],"meta":{},"tags":[]},{"ancestorTitles":["Task3 T4 — symbol-agnostic (BTC/SOL/BNB/NEAR share same helper)"],"fullName":"Task3 T4 — symbol-agnostic (BTC/SOL/BNB/NEAR share same helper) BTCUSDT: same scores → same ambiguity outcome (no symbol branch)","status":"passed","title":"BTCUSDT: same scores → same ambiguity outcome (no symbol branch)","duration":0.5776999999998225,"failureMessages":[],"meta":{},"tags":[]},{"ancestorTitles":["Task3 T4 — symbol-agnostic (BTC/SOL/BNB/NEAR share same helper)"],"fullName":"Task3 T4 — symbol-agnostic (BTC/SOL/BNB/NEAR share same helper) NEARUSDT: same scores → same ambiguity outcome (no symbol branch)","status":"passed","title":"NEARUSDT: same scores → same ambiguity outcome (no symbol branch)","duration":0.37449999999989814,"failureMessages":[],"meta":{},"tags":[]},{"ancestorTitles":["Task3 T4 — symbol-agnostic (BTC/SOL/BNB/NEAR share same helper)"],"fullName":"Task3 T4 — symbol-agnostic (BTC/SOL/BNB/NEAR share same helper) SOLUSDT: same scores → same ambiguity outcome (no symbol branch)","status":"passed","title":"SOLUSDT: same scores → same ambiguity outcome (no symbol branch)","duration":0.4202999999997701,"failureMessages":[],"meta":{},"tags":[]},{"ancestorTitles":["Task3 T4 — symbol-agnostic (BTC/SOL/BNB/NEAR share same helper)"],"fullName":"Task3 T4 — symbol-agnostic (BTC/SOL/BNB/NEAR share same helper) BNBUSDT: same scores → same ambiguity outcome (no symbol branch)","status":"passed","title":"BNBUSDT: same scores → same ambiguity outcome (no symbol branch)","duration":1.012300000000323,"failureMessages":[],"meta":{},"tags":[]},{"ancestorTitles":["Task3 T5 — U1 only official direction enabled when ready"],"fullName":"Task3 T5 — U1 only official direction enabled when ready official SHORT + both ready → only SHORT enabled","status":"passed","title":"official SHORT + both ready → only SHORT enabled","duration":1.4932999999996355,"failureMessages":[],"meta":{},"tags":[]},{"ancestorTitles":["Task3 T5 — U1 only official direction enabled when ready"],"fullName":"Task3 T5 — U1 only official direction enabled when ready official LONG + long not ready → LONG disabled","status":"passed","title":"official LONG + long not ready → LONG disabled","duration":0.34639999999990323,"failureMessages":[],"meta":{},"tags":[]},{"ancestorTitles":["Task3 T6 — AMBIGUOUS disables both buttons"],"fullName":"Task3 T6 — AMBIGUOUS disables both buttons both sides false when isAmbiguous even if ready and official","status":"passed","title":"both sides false when isAmbiguous even if ready and official","duration":0.3087000000000444,"failureMessages":[],"meta":{},"tags":[]},{"ancestorTitles":["Task3 T7 — NEAR S1 independent of ambiguity threshold"],"fullName":"Task3 T7 — NEAR S1 independent of ambiguity threshold S1 hard still fires at L3=1.0 SHORT; ambiguity does not clear it","status":"passed","title":"S1 hard still fires at L3=1.0 SHORT; ambiguity does not clear it","duration":0.9005999999999403,"failureMessages":[],"meta":{},"tags":[]},{"ancestorTitles":["Task3 T7 — NEAR S1 independent of ambiguity threshold"],"fullName":"Task3 T7 — NEAR S1 independent of ambiguity threshold BTC SHORT L3=1.0 still no NEAR S1","status":"passed","title":"BTC SHORT L3=1.0 still no NEAR S1","duration":0.30820000000039727,"failureMessages":[],"meta":{},"tags":[]},{"ancestorTitles":["Task3 T8 — V3 shares same helper / threshold (smoke)"],"fullName":"Task3 T8 — V3 shares same helper / threshold (smoke) resolveDirectionAmbiguity is the shared V3+V4 entry (thr 2.5)","status":"passed","title":"resolveDirectionAmbiguity is the shared V3+V4 entry (thr 2.5)","duration":0.3882000000003245,"failureMessages":[],"meta":{},"tags":[]}],"startTime":1786071585664,"endTime":1786071585679.3882,"status":"passed","message":"","name":"D:/Thiennh3/APP/Trading/TradeScore/services/directionAmbiguity.task3.test.ts"},{"assertionResults":[{"ancestorTitles":["calculateEntryZone"],"fullName":"calculateEntryZone returns PULLBACK_EMA when price far above EMA20 (LONG)","status":"passed","title":"returns PULLBACK_EMA when price far above EMA20 (LONG)","duration":4.095400000000154,"failureMessages":[],"meta":{},"tags":[]},{"ancestorTitles":["calculateEntryZone"],"fullName":"calculateEntryZone uses WALL_SUPPORT when whale bid wall is near price (LONG)","status":"passed","title":"uses WALL_SUPPORT when whale bid wall is near price (LONG)","duration":0.5562999999997373,"failureMessages":[],"meta":{},"tags":[]},{"ancestorTitles":["calculateEntryZone"],"fullName":"calculateEntryZone returns MARKET_NEAR when price close to EMA20 without wall","status":"passed","title":"returns MARKET_NEAR when price close to EMA20 without wall","duration":0.5235999999999876,"failureMessages":[],"meta":{},"tags":[]},{"ancestorTitles":["calculateEntryZone"],"fullName":"calculateEntryZone SHORT PULLBACK_EMA waits for bounce above current when price far below EMA20","status":"passed","title":"SHORT PULLBACK_EMA waits for bounce above current when price far below EMA20","duration":0.550300000000334,"failureMessages":[],"meta":{},"tags":[]},{"ancestorTitles":["buildEntryWhaleWalls"],"fullName":"buildEntryWhaleWalls splits pools into bid and ask by current price","status":"passed","title":"splits pools into bid and ask by current price","duration":2.3553000000001703,"failureMessages":[],"meta":{},"tags":[]}],"startTime":1786071589175,"endTime":1786071589184.3552,"status":"passed","message":"","name":"D:/Thiennh3/APP/Trading/TradeScore/services/entryZone.test.ts"},{"assertionResults":[{"ancestorTitles":["exportAiReviewReport — UL-03.1"],"fullName":"exportAiReviewReport — UL-03.1 exports single markdown with required sections","status":"passed","title":"exports single markdown with required sections","duration":10.330500000000029,"failureMessages":[],"meta":{},"tags":[]},{"ancestorTitles":["exportAiReviewReport — UL-03.1"],"fullName":"exportAiReviewReport — UL-03.1 uses canonical filename constant","status":"passed","title":"uses canonical filename constant","duration":0.7129000000004453,"failureMessages":[],"meta":{},"tags":[]}],"startTime":1786071605952,"endTime":1786071605962.713,"status":"passed","message":"","name":"D:/Thiennh3/APP/Trading/TradeScore/services/exportAiReviewReport.test.ts"},{"assertionResults":[{"ancestorTitles":["TASK 16.2 Decision Replay export"],"fullName":"TASK 16.2 Decision Replay export exports LONG decision replay from frozen snapshot","status":"passed","title":"exports LONG decision replay from frozen snapshot","duration":8.762399999999616,"failureMessages":[],"meta":{},"tags":[]},{"ancestorTitles":["TASK 16.2 Decision Replay export"],"fullName":"TASK 16.2 Decision Replay export exports SHORT decision replay","status":"passed","title":"exports SHORT decision replay","duration":3.727500000000873,"failureMessages":[],"meta":{},"tags":[]},{"ancestorTitles":["TASK 16.2 Decision Replay export"],"fullName":"TASK 16.2 Decision Replay export exports WAIT when not enterable","status":"passed","title":"exports WAIT when not enterable","duration":0.713000000001557,"failureMessages":[],"meta":{},"tags":[]},{"ancestorTitles":["TASK 16.2 Decision Replay export"],"fullName":"TASK 16.2 Decision Replay export exports BLOCKED hard-block replay","status":"passed","title":"exports BLOCKED hard-block replay","duration":1.0469999999986612,"failureMessages":[],"meta":{},"tags":[]},{"ancestorTitles":["TASK 16.2 Decision Replay export"],"fullName":"TASK 16.2 Decision Replay export exports RECOVERY from awaitingRescore / CHO_TAI_CHAM","status":"passed","title":"exports RECOVERY from awaitingRescore / CHO_TAI_CHAM","duration":0.9190999999991618,"failureMessages":[],"meta":{},"tags":[]},{"ancestorTitles":["TASK 16.2 Decision Replay export"],"fullName":"TASK 16.2 Decision Replay export exports UNKNOWN when direction is ambiguous","status":"passed","title":"exports UNKNOWN when direction is ambiguous","duration":2.8760999999994965,"failureMessages":[],"meta":{},"tags":[]},{"ancestorTitles":["TASK 16.2 Decision Replay export"],"fullName":"TASK 16.2 Decision Replay export marks missing contribution when layers are empty","status":"passed","title":"marks missing contribution when layers are empty","duration":0.5943999999999505,"failureMessages":[],"meta":{},"tags":[]},{"ancestorTitles":["TASK 16.2 Decision Replay export"],"fullName":"TASK 16.2 Decision Replay export does not invent decision confidence","status":"passed","title":"does not invent decision confidence","duration":0.6517000000003463,"failureMessages":[],"meta":{},"tags":[]},{"ancestorTitles":["TASK 16.2 Decision Replay export"],"fullName":"TASK 16.2 Decision Replay export handles missing decision snapshot fields without guessing","status":"passed","title":"handles missing decision snapshot fields without guessing","duration":1.4760000000005675,"failureMessages":[],"meta":{},"tags":[]},{"ancestorTitles":["TASK 16.2 Decision Replay export"],"fullName":"TASK 16.2 Decision Replay export appends SECTION 13 without renumbering SECTION 1–12","status":"failed","title":"appends SECTION 13 without renumbering SECTION 1–12","duration":156.0092999999997,"failureMessages":["AssertionError: expected '=====================================…' to contain 'SECTION 12\\nLAYER INPUT SNAPSHOT'\n    at D:/Thiennh3/APP/Trading/TradeScore/services/exportDecisionReplay.test.ts:256:17\n    at file:///D:/Thiennh3/APP/Trading/TradeScore/node_modules/@vitest/runner/dist/chunk-artifact.js:302:11\n    at file:///D:/Thiennh3/APP/Trading/TradeScore/node_modules/@vitest/runner/dist/chunk-artifact.js:1903:26\n    at file:///D:/Thiennh3/APP/Trading/TradeScore/node_modules/@vitest/runner/dist/chunk-artifact.js:2326:20\n    at new Promise (<anonymous>)\n    at runWithCancel (file:///D:/Thiennh3/APP/Trading/TradeScore/node_modules/@vitest/runner/dist/chunk-artifact.js:2323:10)\n    at file:///D:/Thiennh3/APP/Trading/TradeScore/node_modules/@vitest/runner/dist/chunk-artifact.js:2305:20\n    at new Promise (<anonymous>)\n    at runWithTimeout (file:///D:/Thiennh3/APP/Trading/TradeScore/node_modules/@vitest/runner/dist/chunk-artifact.js:2272:10)\n    at file:///D:/Thiennh3/APP/Trading/TradeScore/node_modules/@vitest/runner/dist/chunk-artifact.js:2955:64"],"meta":{},"tags":[]}],"startTime":1786071164556,"endTime":1786071164734.0093,"status":"failed","message":"","name":"D:/Thiennh3/APP/Trading/TradeScore/services/exportDecisionReplay.test.ts"},{"assertionResults":[{"ancestorTitles":["TASK R1.3 Decision Trace export"],"fullName":"TASK R1.3 Decision Trace export builds scorePipeline from frozen layer scores only","status":"passed","title":"builds scorePipeline from frozen layer scores only","duration":30.954900000000634,"failureMessages":[],"meta":{},"tags":[]},{"ancestorTitles":["TASK R1.3 Decision Trace export"],"fullName":"TASK R1.3 Decision Trace export maps scoreSummary from groupScores without inventing missing pillars","status":"passed","title":"maps scoreSummary from groupScores without inventing missing pillars","duration":9.282099999999446,"failureMessages":[],"meta":{},"tags":[]},{"ancestorTitles":["TASK R1.3 Decision Trace export"],"fullName":"TASK R1.3 Decision Trace export exports WAIT decisionPipeline with blocked reasons from frozen blocks","status":"passed","title":"exports WAIT decisionPipeline with blocked reasons from frozen blocks","duration":16.416400000000067,"failureMessages":[],"meta":{},"tags":[]},{"ancestorTitles":["TASK R1.3 Decision Trace export"],"fullName":"TASK R1.3 Decision Trace export recommendationPipeline uses frozen reasons with priorities","status":"passed","title":"recommendationPipeline uses frozen reasons with priorities","duration":9.166000000000167,"failureMessages":[],"meta":{},"tags":[]},{"ancestorTitles":["TASK R1.3 Decision Trace export"],"fullName":"TASK R1.3 Decision Trace export does not invent letter grade","status":"passed","title":"does not invent letter grade","duration":0.4859999999998763,"failureMessages":[],"meta":{},"tags":[]},{"ancestorTitles":["TASK R1.3 Decision Trace export"],"fullName":"TASK R1.3 Decision Trace export formats TXT and appends SECTION 14 without renumbering 1–13","status":"failed","title":"formats TXT and appends SECTION 14 without renumbering 1–13","duration":692.1475999999993,"failureMessages":["AssertionError: expected '=====================================…' to contain 'SECTION 13\\nDECISION REPLAY'\n    at D:/Thiennh3/APP/Trading/TradeScore/services/exportDecisionTrace.test.ts:183:17\n    at file:///D:/Thiennh3/APP/Trading/TradeScore/node_modules/@vitest/runner/dist/chunk-artifact.js:302:11\n    at file:///D:/Thiennh3/APP/Trading/TradeScore/node_modules/@vitest/runner/dist/chunk-artifact.js:1903:26\n    at file:///D:/Thiennh3/APP/Trading/TradeScore/node_modules/@vitest/runner/dist/chunk-artifact.js:2326:20\n    at new Promise (<anonymous>)\n    at runWithCancel (file:///D:/Thiennh3/APP/Trading/TradeScore/node_modules/@vitest/runner/dist/chunk-artifact.js:2323:10)\n    at file:///D:/Thiennh3/APP/Trading/TradeScore/node_modules/@vitest/runner/dist/chunk-artifact.js:2305:20\n    at new Promise (<anonymous>)\n    at runWithTimeout (file:///D:/Thiennh3/APP/Trading/TradeScore/node_modules/@vitest/runner/dist/chunk-artifact.js:2272:10)\n    at file:///D:/Thiennh3/APP/Trading/TradeScore/node_modules/@vitest/runner/dist/chunk-artifact.js:2955:64"],"meta":{},"tags":[]}],"startTime":1786071159189,"endTime":1786071159947.1477,"status":"failed","message":"","name":"D:/Thiennh3/APP/Trading/TradeScore/services/exportDecisionTrace.test.ts"},{"assertionResults":[{"ancestorTitles":["exportEntrySltpAuditPackage"],"fullName":"exportEntrySltpAuditPackage does not throw and produces non-empty output","status":"passed","title":"does not throw and produces non-empty output","duration":97.16989999999987,"failureMessages":[],"meta":{},"tags":[]},{"ancestorTitles":["exportEntrySltpAuditPackage"],"fullName":"exportEntrySltpAuditPackage contains all 11 section headers","status":"passed","title":"contains all 11 section headers","duration":24.954099999999926,"failureMessages":[],"meta":{},"tags":[]},{"ancestorTitles":["exportEntrySltpAuditPackage"],"fullName":"exportEntrySltpAuditPackage section 1 contains both mandatory notes","status":"passed","title":"section 1 contains both mandatory notes","duration":14.944400000000314,"failureMessages":[],"meta":{},"tags":[]},{"ancestorTitles":["exportEntrySltpAuditPackage"],"fullName":"exportEntrySltpAuditPackage exports expected filename constant","status":"passed","title":"exports expected filename constant","duration":0.5976999999993495,"failureMessages":[],"meta":{},"tags":[]},{"ancestorTitles":["exportEntrySltpAuditPackage"],"fullName":"exportEntrySltpAuditPackage section 8 is empty worksheet without pipeline values","status":"passed","title":"section 8 is empty worksheet without pipeline values","duration":17.105099999999766,"failureMessages":[],"meta":{},"tags":[]},{"ancestorTitles":["exportEntrySltpAuditPackage"],"fullName":"exportEntrySltpAuditPackage section 9 and 10 contain actual pipeline values","status":"passed","title":"section 9 and 10 contain actual pipeline values","duration":31.1854000000003,"failureMessages":[],"meta":{},"tags":[]},{"ancestorTitles":["exportEntrySltpAuditPackage"],"fullName":"exportEntrySltpAuditPackage section 10 excludes L1-L11 scoring blocks","status":"passed","title":"section 10 excludes L1-L11 scoring blocks","duration":14.690700000000106,"failureMessages":[],"meta":{},"tags":[]},{"ancestorTitles":["exportEntrySltpAuditPackage"],"fullName":"exportEntrySltpAuditPackage writes sample output when SAMPLE=1","status":"passed","title":"writes sample output when SAMPLE=1","duration":0.38400000000001455,"failureMessages":[],"meta":{},"tags":[]}],"startTime":1786071324690,"endTime":1786071324892.384,"status":"passed","message":"","name":"D:/Thiennh3/APP/Trading/TradeScore/services/exportEntrySltpAuditPackage.test.ts"},{"assertionResults":[{"ancestorTitles":["TASK 16.1 layer input snapshot export"],"fullName":"TASK 16.1 layer input snapshot export exports raw inputs, threshold, expected, actual and result per layer","status":"failed","title":"exports raw inputs, threshold, expected, actual and result per layer","duration":10.062299999999595,"failureMessages":["TypeError: (0 , __vite_ssr_import_2__.formatLayerInputSnapshotTXT) is not a function\n    at D:/Thiennh3/APP/Trading/TradeScore/services/exportService.layerInputSnapshot.test.ts:106:17\n    at file:///D:/Thiennh3/APP/Trading/TradeScore/node_modules/@vitest/runner/dist/chunk-artifact.js:302:11\n    at file:///D:/Thiennh3/APP/Trading/TradeScore/node_modules/@vitest/runner/dist/chunk-artifact.js:1903:26\n    at file:///D:/Thiennh3/APP/Trading/TradeScore/node_modules/@vitest/runner/dist/chunk-artifact.js:2326:20\n    at new Promise (<anonymous>)\n    at runWithCancel (file:///D:/Thiennh3/APP/Trading/TradeScore/node_modules/@vitest/runner/dist/chunk-artifact.js:2323:10)\n    at file:///D:/Thiennh3/APP/Trading/TradeScore/node_modules/@vitest/runner/dist/chunk-artifact.js:2305:20\n    at new Promise (<anonymous>)\n    at runWithTimeout (file:///D:/Thiennh3/APP/Trading/TradeScore/node_modules/@vitest/runner/dist/chunk-artifact.js:2272:10)\n    at file:///D:/Thiennh3/APP/Trading/TradeScore/node_modules/@vitest/runner/dist/chunk-artifact.js:2955:64"],"meta":{},"tags":[]},{"ancestorTitles":["TASK 16.1 layer input snapshot export"],"fullName":"TASK 16.1 layer input snapshot export does not guess raw inputs absent from the frozen snapshot","status":"failed","title":"does not guess raw inputs absent from the frozen snapshot","duration":1.1058000000011816,"failureMessages":["TypeError: (0 , __vite_ssr_import_2__.formatLayerInputSnapshotTXT) is not a function\n    at D:/Thiennh3/APP/Trading/TradeScore/services/exportService.layerInputSnapshot.test.ts:120:17\n    at file:///D:/Thiennh3/APP/Trading/TradeScore/node_modules/@vitest/runner/dist/chunk-artifact.js:302:11\n    at file:///D:/Thiennh3/APP/Trading/TradeScore/node_modules/@vitest/runner/dist/chunk-artifact.js:1903:26\n    at file:///D:/Thiennh3/APP/Trading/TradeScore/node_modules/@vitest/runner/dist/chunk-artifact.js:2326:20\n    at new Promise (<anonymous>)\n    at runWithCancel (file:///D:/Thiennh3/APP/Trading/TradeScore/node_modules/@vitest/runner/dist/chunk-artifact.js:2323:10)\n    at file:///D:/Thiennh3/APP/Trading/TradeScore/node_modules/@vitest/runner/dist/chunk-artifact.js:2305:20\n    at new Promise (<anonymous>)\n    at runWithTimeout (file:///D:/Thiennh3/APP/Trading/TradeScore/node_modules/@vitest/runner/dist/chunk-artifact.js:2272:10)\n    at file:///D:/Thiennh3/APP/Trading/TradeScore/node_modules/@vitest/runner/dist/chunk-artifact.js:2955:64"],"meta":{},"tags":[]},{"ancestorTitles":["TASK 16.1 layer input snapshot export"],"fullName":"TASK 16.1 layer input snapshot export appends section 12 without renumbering existing package sections","status":"failed","title":"appends section 12 without renumbering existing package sections","duration":96.97680000000037,"failureMessages":["AssertionError: expected '=====================================…' to contain 'SECTION 12\\nLAYER INPUT SNAPSHOT'\n    at D:/Thiennh3/APP/Trading/TradeScore/services/exportService.layerInputSnapshot.test.ts:135:17\n    at file:///D:/Thiennh3/APP/Trading/TradeScore/node_modules/@vitest/runner/dist/chunk-artifact.js:302:11\n    at file:///D:/Thiennh3/APP/Trading/TradeScore/node_modules/@vitest/runner/dist/chunk-artifact.js:1903:26\n    at file:///D:/Thiennh3/APP/Trading/TradeScore/node_modules/@vitest/runner/dist/chunk-artifact.js:2326:20\n    at new Promise (<anonymous>)\n    at runWithCancel (file:///D:/Thiennh3/APP/Trading/TradeScore/node_modules/@vitest/runner/dist/chunk-artifact.js:2323:10)\n    at file:///D:/Thiennh3/APP/Trading/TradeScore/node_modules/@vitest/runner/dist/chunk-artifact.js:2305:20\n    at new Promise (<anonymous>)\n    at runWithTimeout (file:///D:/Thiennh3/APP/Trading/TradeScore/node_modules/@vitest/runner/dist/chunk-artifact.js:2272:10)\n    at file:///D:/Thiennh3/APP/Trading/TradeScore/node_modules/@vitest/runner/dist/chunk-artifact.js:2955:64"],"meta":{},"tags":[]}],"startTime":1786071166408,"endTime":1786071166516.9768,"status":"failed","message":"","name":"D:/Thiennh3/APP/Trading/TradeScore/services/exportService.layerInputSnapshot.test.ts"},{"assertionResults":[{"ancestorTitles":["calculateFinalEntryStatus"],"fullName":"calculateFinalEntryStatus SETUP NGON + tradePlanValid=false + no block → WAIT_ENTRY","status":"passed","title":"SETUP NGON + tradePlanValid=false + no block → WAIT_ENTRY","duration":53.74059999999963,"failureMessages":[],"meta":{},"tags":[]},{"ancestorTitles":["calculateFinalEntryStatus"],"fullName":"calculateFinalEntryStatus VAO_TU_TIN + tradePlanValid=true + no block → ENTRY_VALID","status":"passed","title":"VAO_TU_TIN + tradePlanValid=true + no block → ENTRY_VALID","duration":0.6343999999999141,"failureMessages":[],"meta":{},"tags":[]},{"ancestorTitles":["calculateFinalEntryStatus"],"fullName":"calculateFinalEntryStatus SETUP NGON + groupBlock → GROUP_BLOCKED","status":"passed","title":"SETUP NGON + groupBlock → GROUP_BLOCKED","duration":0.5516999999999825,"failureMessages":[],"meta":{},"tags":[]},{"ancestorTitles":["calculateFinalEntryStatus"],"fullName":"calculateFinalEntryStatus SETUP NGON + hardBlock → HARD_BLOCKED (ưu tiên cao nhất)","status":"passed","title":"SETUP NGON + hardBlock → HARD_BLOCKED (ưu tiên cao nhất)","duration":0.3520000000003165,"failureMessages":[],"meta":{},"tags":[]},{"ancestorTitles":["calculateFinalEntryStatus"],"fullName":"calculateFinalEntryStatus KHONG_VAO + tradePlanValid=true → SCORE_BLOCKED","status":"passed","title":"KHONG_VAO + tradePlanValid=true → SCORE_BLOCKED","duration":0.39600000000018554,"failureMessages":[],"meta":{},"tags":[]},{"ancestorTitles":["calculateFinalEntryStatus"],"fullName":"calculateFinalEntryStatus CHO_THEM + tradePlanValid=true → SCORE_BLOCKED","status":"passed","title":"CHO_THEM + tradePlanValid=true → SCORE_BLOCKED","duration":2.841700000000401,"failureMessages":[],"meta":{},"tags":[]},{"ancestorTitles":["calculateFinalEntryStatus"],"fullName":"calculateFinalEntryStatus VAO_TU_TIN + tradePlanValid=true (TP1 prob thấp, filter tắt) → ENTRY_VALID","status":"passed","title":"VAO_TU_TIN + tradePlanValid=true (TP1 prob thấp, filter tắt) → ENTRY_VALID","duration":0.43010000000003856,"failureMessages":[],"meta":{},"tags":[]},{"ancestorTitles":["resolveFinalEntryDisplay ENTRY_VALID borders"],"fullName":"resolveFinalEntryDisplay ENTRY_
[...]
cestorTitles":["buildEntryQualityReport"],"fullName":"buildEntryQualityReport Empty","status":"passed","title":"Empty","duration":5.276100000000042,"failureMessages":[],"meta":{},"tags":[]},{"ancestorTitles":["buildEntryQualityReport"],"fullName":"buildEntryQualityReport Perfect setup → ENTER high grade","status":"passed","title":"Perfect setup → ENTER high grade","duration":8.324999999999818,"failureMessages":[],"meta":{},"tags":[]},{"ancestorTitles":["buildEntryQualityReport"],"fullName":"buildEntryQualityReport Weak setup → WAIT or AVOID","status":"passed","title":"Weak setup → WAIT or AVOID","duration":1.7505999999998494,"failureMessages":[],"meta":{},"tags":[]},{"ancestorTitles":["buildEntryQualityReport"],"fullName":"buildEntryQualityReport Trend fail → AVOID","status":"passed","title":"Trend fail → AVOID","duration":1.2984000000001288,"failureMessages":[],"meta":{},"tags":[]},{"ancestorTitles":["buildEntryQualityReport"],"fullName":"buildEntryQualityReport Funding fail → WARNING path / detection","status":"passed","title":"Funding fail → WARNING path / detection","duration":1.3935999999998785,"failureMessages":[],"meta":{},"tags":[]},{"ancestorTitles":["buildEntryQualityReport"],"fullName":"buildEntryQualityReport Whale fail → WAIT","status":"passed","title":"Whale fail → WAIT","duration":1.5300000000002,"failureMessages":[],"meta":{},"tags":[]},{"ancestorTitles":["buildEntryQualityReport"],"fullName":"buildEntryQualityReport RR fail → WAIT","status":"passed","title":"RR fail → WAIT","duration":1.1690000000003238,"failureMessages":[],"meta":{},"tags":[]},{"ancestorTitles":["buildEntryQualityReport"],"fullName":"buildEntryQualityReport Volume fail → WAIT","status":"passed","title":"Volume fail → WAIT","duration":0.9613000000003922,"failureMessages":[],"meta":{},"tags":[]},{"ancestorTitles":["buildEntryQualityReport"],"fullName":"buildEntryQualityReport Mixed pillars + weight sum 100","status":"passed","title":"Mixed pillars + weight sum 100","duration":1.6237999999998465,"failureMessages":[],"meta":{},"tags":[]},{"ancestorTitles":["buildEntryQualityReport"],"fullName":"buildEntryQualityReport Stable output","status":"passed","title":"Stable output","duration":5.971300000000156,"failureMessages":[],"meta":{},"tags":[]}],"startTime":1786071371748,"endTime":1786071371777.9712,"status":"passed","message":"","name":"D:/Thiennh3/APP/Trading/TradeScore/services/ul/entry/__tests__/EntryQualityEngine.test.ts"},{"assertionResults":[{"ancestorTitles":["buildTradingInsightReport"],"fullName":"buildTradingInsightReport Empty","status":"passed","title":"Empty","duration":10.97380000000021,"failureMessages":[],"meta":{},"tags":[]},{"ancestorTitles":["buildTradingInsightReport"],"fullName":"buildTradingInsightReport null dashboard → empty-safe","status":"passed","title":"null dashboard → empty-safe","duration":2.438499999999749,"failureMessages":[],"meta":{},"tags":[]},{"ancestorTitles":["buildTradingInsightReport"],"fullName":"buildTradingInsightReport All wins","status":"passed","title":"All wins","duration":4.742900000000191,"failureMessages":[],"meta":{},"tags":[]},{"ancestorTitles":["buildTradingInsightReport"],"fullName":"buildTradingInsightReport All losses","status":"passed","title":"All losses","duration":1.9313999999999396,"failureMessages":[],"meta":{},"tags":[]},{"ancestorTitles":["buildTradingInsightReport"],"fullName":"buildTradingInsightReport Improving (win rate + drawdown)","status":"passed","title":"Improving (win rate + drawdown)","duration":34.085799999999836,"failureMessages":[],"meta":{},"tags":[]},{"ancestorTitles":["buildTradingInsightReport"],"fullName":"buildTradingInsightReport Declining expectancy","status":"passed","title":"Declining expectancy","duration":2.0850000000000364,"failureMessages":[],"meta":{},"tags":[]},{"ancestorTitles":["buildTradingInsightReport"],"fullName":"buildTradingInsightReport Mixed coin opportunity","status":"passed","title":"Mixed coin opportunity","duration":1.6606999999999061,"failureMessages":[],"meta":{},"tags":[]},{"ancestorTitles":["buildTradingInsightReport"],"fullName":"buildTradingInsightReport Timing — worst late hour","status":"passed","title":"Timing — worst late hour","duration":1.3182999999999083,"failureMessages":[],"meta":{},"tags":[]},{"ancestorTitles":["buildTradingInsightReport"],"fullName":"buildTradingInsightReport Risk elevated","status":"passed","title":"Risk elevated","duration":3.2170999999998457,"failureMessages":[],"meta":{},"tags":[]},{"ancestorTitles":["buildTradingInsightReport"],"fullName":"buildTradingInsightReport Strategy — low RR","status":"passed","title":"Strategy — low RR","duration":1.4447999999997592,"failureMessages":[],"meta":{},"tags":[]},{"ancestorTitles":["buildTradingInsightReport"],"fullName":"buildTradingInsightReport Sorted by severity → confidence → title","status":"passed","title":"Sorted by severity → confidence → title","duration":2.6421000000000276,"failureMessages":[],"meta":{},"tags":[]},{"ancestorTitles":["buildTradingInsightReport"],"fullName":"buildTradingInsightReport Every insight has required fields","status":"passed","title":"Every insight has required fields","duration":1.893000000000029,"failureMessages":[],"meta":{},"tags":[]}],"startTime":1786071367914,"endTime":1786071367983.893,"status":"passed","message":"","name":"D:/Thiennh3/APP/Trading/TradeScore/services/ul/insight/__tests__/TradingInsightEngine.test.ts"},{"assertionResults":[{"ancestorTitles":["buildPortfolioAdvisorReport"],"fullName":"buildPortfolioAdvisorReport Empty","status":"passed","title":"Empty","duration":4.467499999999745,"failureMessages":[],"meta":{},"tags":[]},{"ancestorTitles":["buildPortfolioAdvisorReport"],"fullName":"buildPortfolioAdvisorReport Healthy","status":"passed","title":"Healthy","duration":39.56179999999995,"failureMessages":[],"meta":{},"tags":[]},{"ancestorTitles":["buildPortfolioAdvisorReport"],"fullName":"buildPortfolioAdvisorReport Critical","status":"passed","title":"Critical","duration":5.86180000000013,"failureMessages":[],"meta":{},"tags":[]},{"ancestorTitles":["buildPortfolioAdvisorReport"],"fullName":"buildPortfolioAdvisorReport High DD increases cash and adds warning","status":"passed","title":"High DD increases cash and adds warning","duration":1.721400000000358,"failureMessages":[],"meta":{},"tags":[]},{"ancestorTitles":["buildPortfolioAdvisorReport"],"fullName":"buildPortfolioAdvisorReport Poor Psychology reduces position risk","status":"passed","title":"Poor Psychology reduces position risk","duration":1.7894000000001142,"failureMessages":[],"meta":{},"tags":[]},{"ancestorTitles":["buildPortfolioAdvisorReport"],"fullName":"buildPortfolioAdvisorReport Preferred and avoid coins","status":"passed","title":"Preferred and avoid coins","duration":1.647599999999784,"failureMessages":[],"meta":{},"tags":[]},{"ancestorTitles":["buildPortfolioAdvisorReport"],"fullName":"buildPortfolioAdvisorReport WAIT moves ranked coins to watch","status":"passed","title":"WAIT moves ranked coins to watch","duration":2.3088000000002467,"failureMessages":[],"meta":{},"tags":[]},{"ancestorTitles":["buildPortfolioAdvisorReport"],"fullName":"buildPortfolioAdvisorReport Allocation totals are always 100","status":"passed","title":"Allocation totals are always 100","duration":1.2977999999998246,"failureMessages":[],"meta":{},"tags":[]},{"ancestorTitles":["buildPortfolioAdvisorReport"],"fullName":"buildPortfolioAdvisorReport Trade plan and session plan","status":"passed","title":"Trade plan and session plan","duration":1.5697999999997592,"failureMessages":[],"meta":{},"tags":[]},{"ancestorTitles":["buildPortfolioAdvisorReport"],"fullName":"buildPortfolioAdvisorReport Confidence averages existing report confidences","status":"passed","title":"Confidence averages existing report confidences","duration":7.469499999999698,"failureMessages":[],"meta":{},"tags":[]},{"ancestorTitles":["buildPortfolioAdvisorReport"],"fullName":"buildPortfolioAdvisorReport Stable Output / deterministic","status":"passed","title":"Stable Output / deterministic","duration":1.6869999999998981,"failureMessages":[],"meta":{},"tags":[]}],"startTime":1786071375640,"endTime":1786071375709.687,"status":"passed","message":"","name":"D:/Thiennh3/APP/Trading/TradeScore/services/ul/portfolio/__tests__/PortfolioAdvisorEngine.test.ts"},{"assertionResults":[{"ancestorTitles":["buildTradingPsychologyReport"],"fullName":"buildTradingPsychologyReport Empty","status":"passed","title":"Empty","duration":6.340900000000147,"failureMessages":[],"meta":{},"tags":[]},{"ancestorTitles":["buildTradingPsychologyReport"],"fullName":"buildTradingPsychologyReport Empty dashboard sample","status":"passed","title":"Empty dashboard sample","duration":4.026400000000649,"failureMessages":[],"meta":{},"tags":[]},{"ancestorTitles":["buildTradingPsychologyReport"],"fullName":"buildTradingPsychologyReport Healthy trader","status":"passed","title":"Healthy trader","duration":11.263899999999921,"failureMessages":[],"meta":{},"tags":[]},{"ancestorTitles":["buildTradingPsychologyReport"],"fullName":"buildTradingPsychologyReport Over trader","status":"passed","title":"Over trader","duration":36.07330000000002,"failureMessages":[],"meta":{},"tags":[]},{"ancestorTitles":["buildTradingPsychologyReport"],"fullName":"buildTradingPsychologyReport Revenge trader","status":"passed","title":"Revenge trader","duration":1.4852000000000771,"failureMessages":[],"meta":{},"tags":[]},{"ancestorTitles":["buildTradingPsychologyReport"],"fullName":"buildTradingPsychologyReport High DD","status":"passed","title":"High DD","duration":1.6838999999999942,"failureMessages":[],"meta":{},"tags":[]},{"ancestorTitles":["buildTradingPsychologyReport"],"fullName":"buildTradingPsychologyReport Low RR","status":"passed","title":"Low RR","duration":1.300199999999677,"failureMessages":[],"meta":{},"tags":[]},{"ancestorTitles":["buildTradingPsychologyReport"],"fullName":"buildTradingPsychologyReport FOMO","status":"passed","title":"FOMO","duration":0.5860000000002401,"failureMessages":[],"meta":{},"tags":[]},{"ancestorTitles":["buildTradingPsychologyReport"],"fullName":"buildTradingPsychologyReport Mixed + stable","status":"passed","title":"Mixed + stable","duration":10.514499999999316,"failureMessages":[],"meta":{},"tags":[]},{"ancestorTitles":["buildTradingPsychologyReport"],"fullName":"buildTradingPsychologyReport Finding shape","status":"passed","title":"Finding shape","duration":1.045600000000377,"failureMessages":[],"meta":{},"tags":[]}],"startTime":1786071332739,"endTime":1786071332814.0457,"status":"passed","message":"","name":"D:/Thiennh3/APP/Trading/TradeScore/services/ul/psychology/__tests__/TradingPsychologyEngine.test.ts"},{"assertionResults":[{"ancestorTitles":["buildTradingRecommendationReport"],"fullName":"buildTradingRecommendationReport Empty","status":"passed","title":"Empty","duration":6.609400000000278,"failureMessages":[],"meta":{},"tags":[]},{"ancestorTitles":["buildTradingRecommendationReport"],"fullName":"buildTradingRecommendationReport Empty insights list","status":"passed","title":"Empty insights list","duration":1.210800000000745,"failureMessages":[],"meta":{},"tags":[]},{"ancestorTitles":["buildTradingRecommendationReport"],"fullName":"buildTradingRecommendationReport Single recommendation — RR insight","status":"passed","title":"Single recommendation — RR insight","duration":3.0848000000005413,"failureMessages":[],"meta":{},"tags":[]},{"ancestorTitles":["buildTradingRecommendationReport"],"fullName":"buildTradingRecommendationReport Multiple priorities + sorting","status":"passed","title":"Multiple priorities + sorting","duration":1.4663999999993393,"failureMessages":[],"meta":{},"tags":[]},{"ancestorTitles":["buildTradingRecommendationReport"],"fullName":"buildTradingRecommendationReport Confidence copied from insight","status":"passed","title":"Confidence copied from insight","duration":0.5990000000001601,"failureMessages":[],"meta":{},"tags":[]},{"ancestorTitles":["buildTradingRecommendationReport"],"fullName":"buildTradingRecommendationReport Impact and effort present","status":"passed","title":"Impact and effort present","duration":0.6750999999994747,"failureMessages":[],"meta":{},"tags":[]},{"ancestorTitles":["buildTradingRecommendationReport"],"fullName":"buildTradingRecommendationReport Expected benefit set","status":"passed","title":"Expected benefit set","duration":0.8952999999992244,"failureMessages":[],"meta":{},"tags":[]},{"ancestorTitles":["buildTradingRecommendationReport"],"fullName":"buildTradingRecommendationReport Duplicate removal by action","status":"passed","title":"Duplicate removal by action","duration":1.08849999999984,"failureMessages":[],"meta":{},"tags":[]},{"ancestorTitles":["buildTradingRecommendationReport"],"fullName":"buildTradingRecommendationReport Stable output","status":"passed","title":"Stable output","duration":10.423299999999472,"failureMessages":[],"meta":{},"tags":[]},{"ancestorTitles":["buildTradingRecommendationReport"],"fullName":"buildTradingRecommendationReport End-to-end from live insight engine","status":"passed","title":"End-to-end from live insight engine","duration":38.68159999999989,"failureMessages":[],"meta":{},"tags":[]},{"ancestorTitles":["buildTradingRecommendationReport"],"fullName":"buildTradingRecommendationReport Buckets critical/high/medium/low","status":"passed","title":"Buckets critical/high/medium/low","duration":0.6912000000002081,"failureMessages":[],"meta":{},"tags":[]}],"startTime":1786071349390,"endTime":1786071349455.6912,"status":"passed","message":"","name":"D:/Thiennh3/APP/Trading/TradeScore/services/ul/recommendation/__tests__/TradingRecommendationEngine.test.ts"},{"assertionResults":[{"ancestorTitles":["buildStrategyAnalyticsReport"],"fullName":"buildStrategyAnalyticsReport Empty","status":"passed","title":"Empty","duration":5.545000000000073,"failureMessages":[],"meta":{},"tags":[]},{"ancestorTitles":["buildStrategyAnalyticsReport"],"fullName":"buildStrategyAnalyticsReport One strategy","status":"passed","title":"One strategy","duration":11.340700000000197,"failureMessages":[],"meta":{},"tags":[]},{"ancestorTitles":["buildStrategyAnalyticsReport"],"fullName":"buildStrategyAnalyticsReport Multiple strategies + ranking","status":"passed","title":"Multiple strategies + ranking","duration":2.1714999999999236,"failureMessages":[],"meta":{},"tags":[]},{"ancestorTitles":["buildStrategyAnalyticsReport"],"fullName":"buildStrategyAnalyticsReport Lifecycle declining","status":"passed","title":"Lifecycle declining","duration":1.0218999999997322,"failureMessages":[],"meta":{},"tags":[]},{"ancestorTitles":["buildStrategyAnalyticsReport"],"fullName":"buildStrategyAnalyticsReport Confidence + grade","status":"passed","title":"Confidence + grade","duration":1.1089999999999236,"failureMessages":[],"meta":{},"tags":[]},{"ancestorTitles":["buildStrategyAnalyticsReport"],"fullName":"buildStrategyAnalyticsReport Heatmap hour / weekday / market / coin","status":"passed","title":"Heatmap hour / weekday / market / coin","duration":32.21630000000005,"failureMessages":[],"meta":{},"tags":[]},{"ancestorTitles":["buildStrategyAnalyticsReport"],"fullName":"buildStrategyAnalyticsReport Dead / weak small sample","status":"passed","title":"Dead / weak small sample","duration":0.7606000000000677,"failureMessages":[],"meta":{},"tags":[]},{"ancestorTitles":["buildStrategyAnalyticsReport"],"fullName":"buildStrategyAnalyticsReport Overfit small perfect sample","status":"passed","title":"Overfit small perfect sample","duration":3.394000000000233,"failureMessages":[],"meta":{},"tags":[]},{"ancestorTitles":["buildStrategyAnalyticsReport"],"fullName":"buildStrategyAnalyticsReport Stable output","status":"passed","title":"Stable output","duration":2.640100000000075,"failureMessages":[],"meta":{},"tags":[]},{"ancestorTitles":["buildStrategyAnalyticsReport"],"fullName":"buildStrategyAnalyticsReport Disabled status path via empty disabled set still returns statuses","status":"passed","title":"Disabled status path via empty disabled set still returns statuses","duration":1.3695000000002437,"failureMessages":[],"meta":{},"tags":[]}],"startTime":1786071373881,"endTime":1786071373942.3694,"status":"passed","message":"","name":"D:/Thiennh3/APP/Trading/TradeScore/services/ul/strategy/__tests__/StrategyAnalyticsEngine.test.ts"},{"assertionResults":[{"ancestorTitles":["RC3 ViewModel TR regression — BTC/SOL/BNB"],"fullName":"RC3 ViewModel TR regression — BTC/SOL/BNB matches frozen Task-3 fixture (byte-stable fields)","status":"passed","title":"matches frozen Task-3 fixture (byte-stable fields)","duration":19.98219999999992,"failureMessages":[],"meta":{},"tags":[]},{"ancestorTitles":["RC3 ViewModel TR regression — BTC/SOL/BNB"],"fullName":"RC3 ViewModel TR regression — BTC/SOL/BNB does not route BTC/SOL/BNB through breakout trigger","status":"passed","title":"does not route BTC/SOL/BNB through breakout trigger","duration":8.649499999999989,"failureMessages":[],"meta":{},"tags":[]}],"startTime":1786071517333,"endTime":1786071517361.6494,"status":"passed","message":"","name":"D:/Thiennh3/APP/Trading/TradeScore/services/v41/rc3/__tests__/rc3ViewModelRegression.test.ts"},{"assertionResults":[{"ancestorTitles":["adaptBreakoutToRc3Card"],"fullName":"adaptBreakoutToRc3Card maps Confirm B levels → LONG card with Breakout Confirmed trigger","status":"passed","title":"maps Confirm B levels → LONG card with Breakout Confirmed trigger","duration":8.543899999999667,"failureMessages":[],"meta":{},"tags":[]},{"ancestorTitles":["adaptBreakoutToRc3Card"],"fullName":"adaptBreakoutToRc3Card maps SHORT side → SHORT decision","status":"passed","title":"maps SHORT side → SHORT decision","duration":0.6732999999999265,"failureMessages":[],"meta":{},"tags":[]},{"ancestorTitles":["adaptBreakoutToRc3Card"],"fullName":"adaptBreakoutToRc3Card null levels → WATCH, no trigger, empty checklist pass","status":"passed","title":"null levels → WATCH, no trigger, empty checklist pass","duration":0.7002000000002226,"failureMessages":[],"meta":{},"tags":[]},{"ancestorTitles":["adaptBreakoutToRc3Card"],"fullName":"adaptBreakoutToRc3Card row.error → IGNORE regardless of levels","status":"passed","title":"row.error → IGNORE regardless of levels","duration":0.5469000000002779,"failureMessages":[],"meta":{},"tags":[]}],"startTime":1786071460807,"endTime":1786071460817.5469,"status":"passed","message":"","name":"D:/Thiennh3/APP/Trading/TradeScore/services/v41/strategy/__tests__/adaptBreakoutToRc3Card.test.ts"},{"assertionResults":[{"ancestorTitles":["resolveSymbolStrategy"],"fullName":"resolveSymbolStrategy maps NEARUSDT → breakout","status":"passed","title":"maps NEARUSDT → breakout","duration":4.675000000000182,"failureMessages":[],"meta":{},"tags":[]},{"ancestorTitles":["resolveSymbolStrategy"],"fullName":"resolveSymbolStrategy is case-insensitive for NEAR","status":"passed","title":"is case-insensitive for NEAR","duration":0.6401000000000749,"failureMessages":[],"meta":{},"tags":[]},{"ancestorTitles":["resolveSymbolStrategy"],"fullName":"resolveSymbolStrategy maps other RC3 symbols → trend_reversal","status":"passed","title":"maps other RC3 symbols → trend_reversal","duration":0.5608999999999469,"failureMessages":[],"meta":{},"tags":[]},{"ancestorTitles":["resolveSymbolStrategy"],"fullName":"resolveSymbolStrategy defaults unknown symbols to trend_reversal","status":"passed","title":"defaults unknown symbols to trend_reversal","duration":0.4865999999997257,"failureMessages":[],"meta":{},"tags":[]},{"ancestorTitles":["resolveSymbolStrategy"],"fullName":"resolveSymbolStrategy allow-list is explicit NEAR only","status":"passed","title":"allow-list is explicit NEAR only","duration":2.3407999999999447,"failureMessages":[],"meta":{},"tags":[]}],"startTime":1786071651273,"endTime":1786071651281.3408,"status":"passed","message":"","name":"D:/Thiennh3/APP/Trading/TradeScore/services/v41/strategy/__tests__/resolveSymbolStrategy.test.ts"}]}